TN:
SF:src\controllers\auditController.js
FN:44,(anonymous_0)
FN:51,(anonymous_1)
FN:68,(anonymous_2)
FN:96,(anonymous_3)
FN:103,(anonymous_4)
FN:134,(anonymous_5)
FN:181,(anonymous_6)
FN:188,(anonymous_7)
FN:223,(anonymous_8)
FN:254,(anonymous_9)
FN:279,(anonymous_10)
FN:303,(anonymous_11)
FNF:12
FNH:0
FNDA:0,(anonymous_0)
FNDA:0,(anonymous_1)
FNDA:0,(anonymous_2)
FNDA:0,(anonymous_3)
FNDA:0,(anonymous_4)
FNDA:0,(anonymous_5)
FNDA:0,(anonymous_6)
FNDA:0,(anonymous_7)
FNDA:0,(anonymous_8)
FNDA:0,(anonymous_9)
FNDA:0,(anonymous_10)
FNDA:0,(anonymous_11)
DA:1,0
DA:2,0
DA:3,0
DA:4,0
DA:5,0
DA:6,0
DA:8,0
DA:11,0
DA:20,0
DA:30,0
DA:44,0
DA:45,0
DA:47,0
DA:48,0
DA:49,0
DA:51,0
DA:55,0
DA:57,0
DA:63,0
DA:66,0
DA:67,0
DA:68,0
DA:72,0
DA:78,0
DA:84,0
DA:85,0
DA:96,0
DA:97,0
DA:99,0
DA:100,0
DA:101,0
DA:103,0
DA:107,0
DA:109,0
DA:116,0
DA:117,0
DA:125,0
DA:132,0
DA:133,0
DA:134,0
DA:138,0
DA:145,0
DA:151,0
DA:158,0
DA:159,0
DA:161,0
DA:162,0
DA:163,0
DA:164,0
DA:165,0
DA:166,0
DA:167,0
DA:170,0
DA:181,0
DA:182,0
DA:184,0
DA:185,0
DA:186,0
DA:188,0
DA:192,0
DA:195,0
DA:197,0
DA:211,0
DA:212,0
DA:223,0
DA:224,0
DA:225,0
DA:227,0
DA:229,0
DA:230,0
DA:236,0
DA:242,0
DA:243,0
DA:254,0
DA:255,0
DA:256,0
DA:258,0
DA:267,0
DA:268,0
DA:279,0
DA:280,0
DA:281,0
DA:283,0
DA:285,0
DA:291,0
DA:292,0
DA:303,0
DA:304,0
DA:305,0
DA:318,0
DA:319,0
DA:320,0
DA:321,0
DA:322,0
DA:324,0
DA:327,0
DA:333,0
DA:334,0
DA:341,0
LF:99
LH:0
BRDA:48,0,0,0
BRDA:48,0,1,0
BRDA:66,1,0,0
BRDA:66,1,1,0
BRDA:66,2,0,0
BRDA:66,2,1,0
BRDA:100,3,0,0
BRDA:100,3,1,0
BRDA:116,4,0,0
BRDA:116,4,1,0
BRDA:132,5,0,0
BRDA:132,5,1,0
BRDA:132,6,0,0
BRDA:132,6,1,0
BRDA:161,7,0,0
BRDA:161,7,1,0
BRDA:163,8,0,0
BRDA:163,8,1,0
BRDA:166,9,0,0
BRDA:166,9,1,0
BRDA:185,10,0,0
BRDA:185,10,1,0
BRDA:229,11,0,0
BRDA:229,11,1,0
BRDA:310,12,0,0
BRDA:310,12,1,0
BRDA:321,13,0,0
BRDA:321,13,1,0
BRF:28
BRH:0
end_of_record
TN:
SF:src\controllers\chainIDEController.js
FN:59,(anonymous_0)
FN:88,(anonymous_1)
FN:95,(anonymous_2)
FN:139,(anonymous_3)
FN:187,(anonymous_4)
FN:194,(anonymous_5)
FN:230,(anonymous_6)
FN:239,(anonymous_7)
FN:276,(anonymous_8)
FN:285,(anonymous_9)
FN:322,(anonymous_10)
FN:359,(anonymous_11)
FN:393,(anonymous_12)
FN:425,(anonymous_13)
FNF:14
FNH:0
FNDA:0,(anonymous_0)
FNDA:0,(anonymous_1)
FNDA:0,(anonymous_2)
FNDA:0,(anonymous_3)
FNDA:0,(anonymous_4)
FNDA:0,(anonymous_5)
FNDA:0,(anonymous_6)
FNDA:0,(anonymous_7)
FNDA:0,(anonymous_8)
FNDA:0,(anonymous_9)
FNDA:0,(anonymous_10)
FNDA:0,(anonymous_11)
FNDA:0,(anonymous_12)
FNDA:0,(anonymous_13)
DA:1,0
DA:2,0
DA:3,0
DA:4,0
DA:5,0
DA:6,0
DA:7,0
DA:8,0
DA:10,0
DA:13,0
DA:14,0
DA:17,0
DA:30,0
DA:40,0
DA:47,0
DA:59,0
DA:60,0
DA:61,0
DA:68,0
DA:74,0
DA:75,0
DA:86,0
DA:89,0
DA:90,0
DA:91,0
DA:92,0
DA:95,0
DA:99,0
DA:104,0
DA:112,0
DA:119,0
DA:124,0
DA:137,0
DA:140,0
DA:141,0
DA:142,0
DA:148,0
DA:154,0
DA:159,0
DA:166,0
DA:172,0
DA:185,0
DA:188,0
DA:189,0
DA:190,0
DA:191,0
DA:194,0
DA:198,0
DA:204,0
DA:210,0
DA:215,0
DA:228,0
DA:231,0
DA:232,0
DA:233,0
DA:235,0
DA:236,0
DA:239,0
DA:243,0
DA:249,0
DA:255,0
DA:261,0
DA:274,0
DA:277,0
DA:278,0
DA:279,0
DA:281,0
DA:282,0
DA:285,0
DA:289,0
DA:295,0
DA:301,0
DA:307,0
DA:320,0
DA:323,0
DA:324,0
DA:325,0
DA:327,0
DA:328,0
DA:334,0
DA:340,0
DA:345,0
DA:357,0
DA:360,0
DA:361,0
DA:363,0
DA:365,0
DA:370,0
DA:376,0
DA:381,0
DA:393,0
DA:394,0
DA:395,0
DA:396,0
DA:397,0
DA:399,0
DA:400,0
DA:402,0
DA:403,0
DA:404,0
DA:406,0
DA:413,0
DA:414,0
DA:425,0
DA:426,0
DA:427,0
DA:455,0
DA:461,0
DA:462,0
DA:469,0
LF:110
LH:0
BRDA:91,0,0,0
BRDA:91,0,1,0
BRDA:190,1,0,0
BRDA:190,1,1,0
BRDA:235,2,0,0
BRDA:235,2,1,0
BRDA:281,3,0,0
BRDA:281,3,1,0
BRDA:327,4,0,0
BRDA:327,4,1,0
BRDA:399,5,0,0
BRDA:399,5,1,0
BRF:12
BRH:0
end_of_record
TN:
SF:src\controllers\collaborativeToolsController.js
FN:81,(anonymous_0)
FN:88,(anonymous_1)
FN:142,(anonymous_2)
FN:151,(anonymous_3)
FN:201,(anonymous_4)
FN:210,(anonymous_5)
FN:263,(anonymous_6)
FN:272,(anonymous_7)
FN:317,(anonymous_8)
FN:326,(anonymous_9)
FN:370,(anonymous_10)
FN:377,(anonymous_11)
FN:427,(anonymous_12)
FN:474,(anonymous_13)
FN:531,(anonymous_14)
FN:559,(anonymous_15)
FN:590,(anonymous_16)
FNF:17
FNH:0
FNDA:0,(anonymous_0)
FNDA:0,(anonymous_1)
FNDA:0,(anonymous_2)
FNDA:0,(anonymous_3)
FNDA:0,(anonymous_4)
FNDA:0,(anonymous_5)
FNDA:0,(anonymous_6)
FNDA:0,(anonymous_7)
FNDA:0,(anonymous_8)
FNDA:0,(anonymous_9)
FNDA:0,(anonymous_10)
FNDA:0,(anonymous_11)
FNDA:0,(anonymous_12)
FNDA:0,(anonymous_13)
FNDA:0,(anonymous_14)
FNDA:0,(anonymous_15)
FNDA:0,(anonymous_16)
DA:1,0
DA:2,0
DA:3,0
DA:4,0
DA:5,0
DA:6,0
DA:7,0
DA:8,0
DA:9,0
DA:11,0
DA:14,0
DA:15,0
DA:18,0
DA:30,0
DA:38,0
DA:48,0
DA:57,0
DA:65,0
DA:79,0
DA:82,0
DA:83,0
DA:84,0
DA:85,0
DA:88,0
DA:92,0
DA:97,0
DA:114,0
DA:122,0
DA:127,0
DA:140,0
DA:143,0
DA:144,0
DA:145,0
DA:147,0
DA:148,0
DA:151,0
DA:155,0
DA:161,0
DA:172,0
DA:180,0
DA:186,0
DA:199,0
DA:202,0
DA:203,0
DA:204,0
DA:206,0
DA:207,0
DA:210,0
DA:214,0
DA:220,0
DA:233,0
DA:242,0
DA:248,0
DA:261,0
DA:264,0
DA:265,0
DA:266,0
DA:268,0
DA:269,0
DA:272,0
DA:276,0
DA:282,0
DA:287,0
DA:296,0
DA:302,0
DA:315,0
DA:318,0
DA:319,0
DA:320,0
DA:322,0
DA:323,0
DA:326,0
DA:330,0
DA:336,0
DA:341,0
DA:349,0
DA:355,0
DA:368,0
DA:371,0
DA:372,0
DA:373,0
DA:374,0
DA:377,0
DA:381,0
DA:387,0
DA:399,0
DA:407,0
DA:412,0
DA:425,0
DA:428,0
DA:429,0
DA:430,0
DA:435,0
DA:441,0
DA:446,0
DA:453,0
DA:459,0
DA:472,0
DA:475,0
DA:476,0
DA:483,0
DA:485,0
DA:493,0
DA:498,0
DA:503,0
DA:510,0
DA:516,0
DA:529,0
DA:532,0
DA:533,0
DA:534,0
DA:536,0
DA:542,0
DA:547,0
DA:559,0
DA:560,0
DA:561,0
DA:569,0
DA:575,0
DA:579,0
DA:590,0
DA:591,0
DA:592,0
DA:622,0
DA:628,0
DA:629,0
DA:636,0
LF:127
LH:0
BRDA:84,0,0,0
BRDA:84,0,1,0
BRDA:147,1,0,0
BRDA:147,1,1,0
BRDA:206,2,0,0
BRDA:206,2,1,0
BRDA:268,3,0,0
BRDA:268,3,1,0
BRDA:322,4,0,0
BRDA:322,4,1,0
BRDA:373,5,0,0
BRDA:373,5,1,0
BRDA:431,6,0,0
BRDA:431,6,1,0
BRDA:432,7,0,0
BRDA:432,7,1,0
BRDA:478,8,0,0
BRDA:479,9,0,0
BRDA:480,10,0,0
BRDA:481,11,0,0
BRDA:482,12,0,0
BRF:21
BRH:0
end_of_record
TN:
SF:src\controllers\enhancedAuditController.js
FN:58,(anonymous_0)
FN:65,(anonymous_1)
FN:117,(anonymous_2)
FN:124,(anonymous_3)
FN:175,(anonymous_4)
FN:182,(anonymous_5)
FN:230,(anonymous_6)
FN:237,(anonymous_7)
FN:295,(anonymous_8)
FN:304,(anonymous_9)
FN:305,(anonymous_10)
FN:306,(anonymous_11)
FN:322,(anonymous_12)
FN:362,(anonymous_13)
FN:371,(anonymous_14)
FN:372,(anonymous_15)
FN:373,(anonymous_16)
FN:397,(anonymous_17)
FN:446,(anonymous_18)
FN:483,(anonymous_19)
FN:535,(anonymous_20)
FN:547,(anonymous_21)
FN:553,(anonymous_22)
FNF:23
FNH:0
FNDA:0,(anonymous_0)
FNDA:0,(anonymous_1)
FNDA:0,(anonymous_2)
FNDA:0,(anonymous_3)
FNDA:0,(anonymous_4)
FNDA:0,(anonymous_5)
FNDA:0,(anonymous_6)
FNDA:0,(anonymous_7)
FNDA:0,(anonymous_8)
FNDA:0,(anonymous_9)
FNDA:0,(anonymous_10)
FNDA:0,(anonymous_11)
FNDA:0,(anonymous_12)
FNDA:0,(anonymous_13)
FNDA:0,(anonymous_14)
FNDA:0,(anonymous_15)
FNDA:0,(anonymous_16)
FNDA:0,(anonymous_17)
FNDA:0,(anonymous_18)
FNDA:0,(anonymous_19)
FNDA:0,(anonymous_20)
FNDA:0,(anonymous_21)
FNDA:0,(anonymous_22)
DA:1,0
DA:2,0
DA:3,0
DA:4,0
DA:5,0
DA:6,0
DA:7,0
DA:8,0
DA:9,0
DA:10,0
DA:12,0
DA:15,0
DA:18,0
DA:32,0
DA:45,0
DA:58,0
DA:59,0
DA:60,0
DA:61,0
DA:62,0
DA:65,0
DA:69,0
DA:71,0
DA:80,0
DA:89,0
DA:99,0
DA:105,0
DA:117,0
DA:118,0
DA:119,0
DA:120,0
DA:121,0
DA:124,0
DA:128,0
DA:130,0
DA:139,0
DA:146,0
DA:156,0
DA:163,0
DA:175,0
DA:176,0
DA:177,0
DA:178,0
DA:179,0
DA:182,0
DA:186,0
DA:188,0
DA:196,0
DA:203,0
DA:212,0
DA:218,0
DA:230,0
DA:231,0
DA:232,0
DA:233,0
DA:234,0
DA:237,0
DA:241,0
DA:243,0
DA:250,0
DA:251,0
DA:254,0
DA:261,0
DA:263,0
DA:278,0
DA:283,0
DA:295,0
DA:296,0
DA:297,0
DA:299,0
DA:304,0
DA:305,0
DA:306,0
DA:310,0
DA:311,0
DA:322,0
DA:323,0
DA:324,0
DA:325,0
DA:327,0
DA:348,0
DA:349,0
DA:360,0
DA:363,0
DA:364,0
DA:366,0
DA:371,0
DA:372,0
DA:373,0
DA:382,0
DA:383,0
DA:395,0
DA:398,0
DA:399,0
DA:400,0
DA:402,0
DA:431,0
DA:432,0
DA:444,0
DA:447,0
DA:448,0
DA:450,0
DA:463,0
DA:468,0
DA:480,0
DA:484,0
DA:485,0
DA:487,0
DA:488,0
DA:494,0
DA:500,0
DA:507,0
DA:519,0
DA:524,0
DA:535,0
DA:536,0
DA:537,0
DA:540,0
DA:541,0
DA:544,0
DA:547,0
DA:548,0
DA:549,0
DA:550,0
DA:553,0
DA:554,0
DA:556,0
DA:558,0
DA:559,0
DA:562,0
DA:563,0
DA:566,0
DA:569,0
LF:133
LH:0
BRDA:61,0,0,0
BRDA:61,0,1,0
BRDA:120,1,0,0
BRDA:120,1,1,0
BRDA:178,2,0,0
BRDA:178,2,1,0
BRDA:233,3,0,0
BRDA:233,3,1,0
BRDA:271,4,0,0
BRDA:271,4,1,0
BRDA:272,5,0,0
BRDA:272,5,1,0
BRDA:487,6,0,0
BRDA:487,6,1,0
BRDA:496,7,0,0
BRDA:496,7,1,0
BRDA:536,8,0,0
BRDA:536,8,1,0
BRDA:536,9,0,0
BRDA:536,9,1,0
BRDA:540,10,0,0
BRDA:540,10,1,0
BRDA:540,11,0,0
BRDA:540,11,1,0
BRDA:548,12,0,0
BRDA:548,12,1,0
BRDA:548,13,0,0
BRDA:548,13,1,0
BRDA:549,14,0,0
BRDA:549,14,1,0
BRDA:549,15,0,0
BRDA:549,15,1,0
BRDA:554,16,0,0
BRDA:554,16,1,0
BRDA:558,17,0,0
BRDA:558,17,1,0
BRDA:562,18,0,0
BRDA:562,18,1,0
BRF:38
BRH:0
end_of_record
TN:
SF:src\controllers\realTimeDevelopmentController.js
FN:73,(anonymous_0)
FN:80,(anonymous_1)
FN:115,(anonymous_2)
FN:122,(anonymous_3)
FN:158,(anonymous_4)
FN:165,(anonymous_5)
FN:200,(anonymous_6)
FN:207,(anonymous_7)
FN:250,(anonymous_8)
FN:284,(anonymous_9)
FN:291,(anonymous_10)
FN:327,(anonymous_11)
FN:352,(anonymous_12)
FN:413,(anonymous_13)
FNF:14
FNH:0
FNDA:0,(anonymous_0)
FNDA:0,(anonymous_1)
FNDA:0,(anonymous_2)
FNDA:0,(anonymous_3)
FNDA:0,(anonymous_4)
FNDA:0,(anonymous_5)
FNDA:0,(anonymous_6)
FNDA:0,(anonymous_7)
FNDA:0,(anonymous_8)
FNDA:0,(anonymous_9)
FNDA:0,(anonymous_10)
FNDA:0,(anonymous_11)
FNDA:0,(anonymous_12)
FNDA:0,(anonymous_13)
DA:1,0
DA:2,0
DA:3,0
DA:4,0
DA:5,0
DA:6,0
DA:7,0
DA:8,0
DA:9,0
DA:10,0
DA:12,0
DA:15,0
DA:16,0
DA:19,0
DA:31,0
DA:41,0
DA:46,0
DA:54,0
DA:71,0
DA:74,0
DA:75,0
DA:76,0
DA:77,0
DA:80,0
DA:84,0
DA:89,0
DA:95,0
DA:100,0
DA:113,0
DA:116,0
DA:117,0
DA:118,0
DA:119,0
DA:122,0
DA:126,0
DA:132,0
DA:138,0
DA:143,0
DA:156,0
DA:159,0
DA:160,0
DA:161,0
DA:162,0
DA:165,0
DA:169,0
DA:174,0
DA:180,0
DA:185,0
DA:198,0
DA:201,0
DA:202,0
DA:203,0
DA:204,0
DA:207,0
DA:211,0
DA:216,0
DA:224,0
DA:230,0
DA:235,0
DA:248,0
DA:251,0
DA:252,0
DA:254,0
DA:259,0
DA:264,0
DA:269,0
DA:282,0
DA:285,0
DA:286,0
DA:287,0
DA:288,0
DA:291,0
DA:295,0
DA:297,0
DA:303,0
DA:309,0
DA:314,0
DA:327,0
DA:328,0
DA:329,0
DA:331,0
DA:337,0
DA:341,0
DA:352,0
DA:353,0
DA:354,0
DA:393,0
DA:399,0
DA:400,0
DA:411,0
DA:414,0
DA:415,0
DA:416,0
DA:427,0
DA:433,0
DA:438,0
DA:446,0
LF:97
LH:0
BRDA:76,0,0,0
BRDA:76,0,1,0
BRDA:118,1,0,0
BRDA:118,1,1,0
BRDA:161,2,0,0
BRDA:161,2,1,0
BRDA:203,3,0,0
BRDA:203,3,1,0
BRDA:287,4,0,0
BRDA:287,4,1,0
BRF:10
BRH:0
end_of_record
TN:
SF:src\middleware\advancedRateLimiter.js
FN:9,(anonymous_0)
FN:18,(anonymous_1)
FN:85,(anonymous_2)
FN:125,(anonymous_3)
FN:151,(anonymous_4)
FN:152,(anonymous_5)
FN:192,(anonymous_6)
FN:198,(anonymous_7)
FN:266,(anonymous_8)
FN:279,(anonymous_9)
FN:306,(anonymous_10)
FNF:11
FNH:0
FNDA:0,(anonymous_0)
FNDA:0,(anonymous_1)
FNDA:0,(anonymous_2)
FNDA:0,(anonymous_3)
FNDA:0,(anonymous_4)
FNDA:0,(anonymous_5)
FNDA:0,(anonymous_6)
FNDA:0,(anonymous_7)
FNDA:0,(anonymous_8)
FNDA:0,(anonymous_9)
FNDA:0,(anonymous_10)
DA:1,0
DA:2,0
DA:10,0
DA:11,0
DA:19,0
DA:20,0
DA:22,0
DA:24,0
DA:86,0
DA:126,0
DA:127,0
DA:130,0
DA:131,0
DA:134,0
DA:137,0
DA:140,0
DA:142,0
DA:152,0
DA:153,0
DA:154,0
DA:155,0
DA:158,0
DA:161,0
DA:168,0
DA:169,0
DA:171,0
DA:178,0
DA:179,0
DA:180,0
DA:181,0
DA:191,0
DA:193,0
DA:198,0
DA:200,0
DA:201,0
DA:202,0
DA:204,0
DA:215,0
DA:217,0
DA:224,0
DA:234,0
DA:235,0
DA:236,0
DA:237,0
DA:244,0
DA:247,0
DA:255,0
DA:267,0
DA:280,0
DA:281,0
DA:282,0
DA:283,0
DA:285,0
DA:287,0
DA:295,0
DA:296,0
DA:307,0
DA:308,0
DA:309,0
DA:311,0
DA:312,0
DA:314,0
DA:321,0
DA:323,0
DA:324,0
DA:329,0
LF:66
LH:0
BRDA:20,0,0,0
BRDA:20,0,1,0
BRDA:22,1,0,0
BRDA:22,1,1,0
BRDA:29,2,0,0
BRDA:29,2,1,0
BRDA:30,3,0,0
BRDA:30,3,1,0
BRDA:31,4,0,0
BRDA:31,4,1,0
BRDA:38,5,0,0
BRDA:38,5,1,0
BRDA:39,6,0,0
BRDA:39,6,1,0
BRDA:40,7,0,0
BRDA:40,7,1,0
BRDA:47,8,0,0
BRDA:47,8,1,0
BRDA:48,9,0,0
BRDA:48,9,1,0
BRDA:49,10,0,0
BRDA:49,10,1,0
BRDA:56,11,0,0
BRDA:56,11,1,0
BRDA:57,12,0,0
BRDA:57,12,1,0
BRDA:58,13,0,0
BRDA:58,13,1,0
BRDA:65,14,0,0
BRDA:65,14,1,0
BRDA:66,15,0,0
BRDA:66,15,1,0
BRDA:67,16,0,0
BRDA:67,16,1,0
BRDA:74,17,0,0
BRDA:74,17,1,0
BRDA:75,18,0,0
BRDA:75,18,1,0
BRDA:76,19,0,0
BRDA:76,19,1,0
BRDA:126,20,0,0
BRDA:126,20,1,0
BRDA:126,21,0,0
BRDA:126,21,1,0
BRDA:130,22,0,0
BRDA:130,22,1,0
BRDA:134,23,0,0
BRDA:134,23,1,0
BRDA:134,23,2,0
BRDA:134,23,3,0
BRDA:134,23,4,0
BRDA:151,24,0,0
BRDA:154,25,0,0
BRDA:154,25,1,0
BRDA:169,26,0,0
BRDA:169,26,1,0
BRDA:178,27,0,0
BRDA:178,27,1,0
BRDA:180,28,0,0
BRDA:180,28,1,0
BRDA:193,29,0,0
BRDA:193,29,1,0
BRDA:200,30,0,0
BRDA:200,30,1,0
BRDA:205,31,0,0
BRDA:205,31,1,0
BRDA:206,32,0,0
BRDA:206,32,1,0
BRDA:215,33,0,0
BRDA:215,33,1,0
BRDA:220,34,0,0
BRDA:220,34,1,0
BRDA:235,35,0,0
BRDA:235,35,1,0
BRDA:266,36,0,0
BRDA:282,37,0,0
BRDA:282,37,1,0
BRDA:289,38,0,0
BRDA:289,38,1,0
BRDA:291,39,0,0
BRDA:291,39,1,0
BRDA:292,40,0,0
BRDA:292,40,1,0
BRDA:309,41,0,0
BRDA:309,41,1,0
BRF:85
BRH:0
end_of_record
TN:
SF:src\middleware\errorHandler.js
FN:6,(anonymous_0)
FN:159,(anonymous_1)
FN:187,(anonymous_2)
FN:188,(anonymous_3)
FN:196,(anonymous_4)
FN:206,(anonymous_5)
FN:216,(anonymous_6)
FN:225,(anonymous_7)
FNF:8
FNH:0
FNDA:0,(anonymous_0)
FNDA:0,(anonymous_1)
FNDA:0,(anonymous_2)
FNDA:0,(anonymous_3)
FNDA:0,(anonymous_4)
FNDA:0,(anonymous_5)
FNDA:0,(anonymous_6)
FNDA:0,(anonymous_7)
DA:1,0
DA:6,0
DA:8,0
DA:19,0
DA:20,0
DA:27,0
DA:28,0
DA:29,0
DA:35,0
DA:36,0
DA:37,0
DA:42,0
DA:43,0
DA:44,0
DA:49,0
DA:50,0
DA:51,0
DA:56,0
DA:57,0
DA:58,0
DA:63,0
DA:64,0
DA:65,0
DA:70,0
DA:71,0
DA:72,0
DA:78,0
DA:79,0
DA:80,0
DA:85,0
DA:86,0
DA:87,0
DA:95,0
DA:96,0
DA:97,0
DA:105,0
DA:106,0
DA:107,0
DA:112,0
DA:113,0
DA:114,0
DA:119,0
DA:120,0
DA:121,0
DA:126,0
DA:127,0
DA:128,0
DA:133,0
DA:134,0
DA:135,0
DA:143,0
DA:144,0
DA:145,0
DA:153,0
DA:159,0
DA:160,0
DA:167,0
DA:187,0
DA:188,0
DA:189,0
DA:196,0
DA:197,0
DA:198,0
DA:199,0
DA:200,0
DA:206,0
DA:207,0
DA:208,0
DA:209,0
DA:210,0
DA:216,0
DA:217,0
DA:218,0
DA:219,0
DA:225,0
DA:226,0
DA:227,0
DA:228,0
DA:229,0
DA:232,0
LF:80
LH:0
BRDA:27,0,0,0
BRDA:27,0,1,0
BRDA:32,1,0,0
BRDA:32,1,1,0
BRDA:35,2,0,0
BRDA:35,2,1,0
BRDA:42,3,0,0
BRDA:42,3,1,0
BRDA:49,4,0,0
BRDA:49,4,1,0
BRDA:53,5,0,0
BRDA:53,5,1,0
BRDA:56,6,0,0
BRDA:56,6,1,0
BRDA:63,7,0,0
BRDA:63,7,1,0
BRDA:70,8,0,0
BRDA:70,8,1,0
BRDA:75,9,0,0
BRDA:75,9,1,0
BRDA:78,10,0,0
BRDA:78,10,1,0
BRDA:85,11,0,0
BRDA:85,11,1,0
BRDA:95,12,0,0
BRDA:95,12,1,0
BRDA:95,13,0,0
BRDA:95,13,1,0
BRDA:95,13,2,0
BRDA:105,14,0,0
BRDA:105,14,1,0
BRDA:112,15,0,0
BRDA:112,15,1,0
BRDA:119,16,0,0
BRDA:119,16,1,0
BRDA:126,17,0,0
BRDA:126,17,1,0
BRDA:133,18,0,0
BRDA:133,18,1,0
BRDA:143,19,0,0
BRDA:143,19,1,0
BRDA:196,20,0,0
BRDA:196,21,0,0
BRDA:206,22,0,0
BRDA:216,23,0,0
BRDA:226,24,0,0
BRDA:226,24,1,0
BRF:47
BRH:0
end_of_record
TN:
SF:src\middleware\jwtAuth.js
FN:9,(anonymous_0)
FN:25,(anonymous_1)
FN:41,(anonymous_2)
FN:53,(anonymous_3)
FN:70,(anonymous_4)
FN:136,(anonymous_5)
FN:192,(anonymous_6)
FN:195,(anonymous_7)
FN:228,(anonymous_8)
FN:231,(anonymous_9)
FN:240,(anonymous_10)
FN:268,(anonymous_11)
FN:284,(anonymous_12)
FNF:13
FNH:0
FNDA:0,(anonymous_0)
FNDA:0,(anonymous_1)
FNDA:0,(anonymous_2)
FNDA:0,(anonymous_3)
FNDA:0,(anonymous_4)
FNDA:0,(anonymous_5)
FNDA:0,(anonymous_6)
FNDA:0,(anonymous_7)
FNDA:0,(anonymous_8)
FNDA:0,(anonymous_9)
FNDA:0,(anonymous_10)
FNDA:0,(anonymous_11)
FNDA:0,(anonymous_12)
DA:1,0
DA:2,0
DA:10,0
DA:11,0
DA:12,0
DA:14,0
DA:15,0
DA:26,0
DA:33,0
DA:42,0
DA:54,0
DA:55,0
DA:60,0
DA:71,0
DA:72,0
DA:74,0
DA:75,0
DA:82,0
DA:86,0
DA:87,0
DA:94,0
DA:97,0
DA:106,0
DA:113,0
DA:116,0
DA:122,0
DA:137,0
DA:138,0
DA:140,0
DA:141,0
DA:145,0
DA:146,0
DA:147,0
DA:148,0
DA:157,0
DA:163,0
DA:164,0
DA:171,0
DA:174,0
DA:177,0
DA:183,0
DA:193,0
DA:195,0
DA:196,0
DA:197,0
DA:204,0
DA:205,0
DA:212,0
DA:219,0
DA:229,0
DA:231,0
DA:232,0
DA:233,0
DA:239,0
DA:240,0
DA:241,0
DA:244,0
DA:245,0
DA:252,0
DA:259,0
DA:269,0
DA:276,0
DA:285,0
DA:286,0
DA:288,0
DA:289,0
DA:292,0
DA:294,0
DA:299,0
LF:69
LH:0
BRDA:10,0,0,0
BRDA:10,0,1,0
BRDA:11,1,0,0
BRDA:11,1,1,0
BRDA:12,2,0,0
BRDA:12,2,1,0
BRDA:14,3,0,0
BRDA:14,3,1,0
BRDA:25,4,0,0
BRDA:27,5,0,0
BRDA:27,5,1,0
BRDA:74,6,0,0
BRDA:74,6,1,0
BRDA:82,7,0,0
BRDA:82,7,1,0
BRDA:86,8,0,0
BRDA:86,8,1,0
BRDA:98,9,0,0
BRDA:98,9,1,0
BRDA:100,10,0,0
BRDA:100,10,1,0
BRDA:101,11,0,0
BRDA:101,11,1,0
BRDA:102,12,0,0
BRDA:102,12,1,0
BRDA:140,13,0,0
BRDA:140,13,1,0
BRDA:141,14,0,0
BRDA:141,14,1,0
BRDA:145,15,0,0
BRDA:145,15,1,0
BRDA:149,16,0,0
BRDA:149,16,1,0
BRDA:151,17,0,0
BRDA:151,17,1,0
BRDA:152,18,0,0
BRDA:152,18,1,0
BRDA:153,19,0,0
BRDA:153,19,1,0
BRDA:163,20,0,0
BRDA:163,20,1,0
BRDA:193,21,0,0
BRDA:193,21,1,0
BRDA:196,22,0,0
BRDA:196,22,1,0
BRDA:204,23,0,0
BRDA:204,23,1,0
BRDA:229,24,0,0
BRDA:229,24,1,0
BRDA:232,25,0,0
BRDA:232,25,1,0
BRDA:239,26,0,0
BRDA:239,26,1,0
BRDA:241,27,0,0
BRDA:241,27,1,0
BRDA:244,28,0,0
BRDA:244,28,1,0
BRDA:272,29,0,0
BRDA:272,29,1,0
BRDA:288,30,0,0
BRDA:288,30,1,0
BRF:61
BRH:0
end_of_record
TN:
SF:src\middleware\rateLimiter.js
FN:8,(anonymous_0)
FN:16,(anonymous_1)
FN:24,(anonymous_2)
FN:34,(anonymous_3)
FN:61,(anonymous_4)
FN:92,(anonymous_5)
FN:123,(anonymous_6)
FN:125,(anonymous_7)
FN:131,(anonymous_8)
FN:160,(anonymous_9)
FN:173,(anonymous_10)
FN:181,(anonymous_11)
FN:187,(anonymous_12)
FNF:13
FNH:0
FNDA:0,(anonymous_0)
FNDA:0,(anonymous_1)
FNDA:0,(anonymous_2)
FNDA:0,(anonymous_3)
FNDA:0,(anonymous_4)
FNDA:0,(anonymous_5)
FNDA:0,(anonymous_6)
FNDA:0,(anonymous_7)
FNDA:0,(anonymous_8)
FNDA:0,(anonymous_9)
FNDA:0,(anonymous_10)
FNDA:0,(anonymous_11)
FNDA:0,(anonymous_12)
DA:1,0
DA:2,0
DA:5,0
DA:8,0
DA:16,0
DA:24,0
DA:34,0
DA:35,0
DA:36,0
DA:37,0
DA:39,0
DA:40,0
DA:42,0
DA:49,0
DA:61,0
DA:62,0
DA:63,0
DA:64,0
DA:66,0
DA:67,0
DA:69,0
DA:76,0
DA:92,0
DA:93,0
DA:94,0
DA:95,0
DA:97,0
DA:98,0
DA:100,0
DA:107,0
DA:123,0
DA:124,0
DA:125,0
DA:131,0
DA:132,0
DA:133,0
DA:134,0
DA:136,0
DA:137,0
DA:139,0
DA:147,0
DA:160,0
DA:161,0
DA:163,0
DA:165,0
DA:168,0
DA:173,0
DA:174,0
DA:175,0
DA:177,0
DA:181,0
DA:182,0
DA:187,0
DA:188,0
DA:190,0
DA:193,0
LF:56
LH:0
BRDA:9,0,0,0
BRDA:9,0,1,0
BRDA:10,1,0,0
BRDA:10,1,1,0
BRDA:39,2,0,0
BRDA:39,2,1,0
BRDA:40,3,0,0
BRDA:40,3,1,0
BRDA:66,4,0,0
BRDA:66,4,1,0
BRDA:67,5,0,0
BRDA:67,5,1,0
BRDA:97,6,0,0
BRDA:97,6,1,0
BRDA:98,7,0,0
BRDA:98,7,1,0
BRDA:125,8,0,0
BRDA:125,8,1,0
BRDA:126,9,0,0
BRDA:126,9,1,0
BRDA:127,10,0,0
BRDA:127,10,1,0
BRDA:128,11,0,0
BRDA:128,11,1,0
BRDA:136,12,0,0
BRDA:136,12,1,0
BRDA:137,13,0,0
BRDA:137,13,1,0
BRDA:144,14,0,0
BRDA:144,14,1,0
BRDA:149,15,0,0
BRDA:149,15,1,0
BRDA:160,16,0,0
BRDA:161,17,0,0
BRDA:161,17,1,0
BRDA:161,17,2,0
BRDA:161,17,3,0
BRDA:174,18,0,0
BRDA:174,18,1,0
BRDA:174,19,0,0
BRDA:174,19,1,0
BRDA:187,20,0,0
BRDA:187,20,1,0
BRF:43
BRH:0
end_of_record
TN:
SF:src\models\index.js
FN:343,initializeDatabase
FNF:1
FNH:0
FNDA:0,initializeDatabase
DA:1,0
DA:2,0
DA:5,0
DA:20,0
DA:60,0
DA:121,0
DA:183,0
DA:241,0
DA:291,0
DA:316,0
DA:317,0
DA:319,0
DA:320,0
DA:322,0
DA:323,0
DA:325,0
DA:326,0
DA:328,0
DA:329,0
DA:331,0
DA:332,0
DA:334,0
DA:335,0
DA:344,0
DA:345,0
DA:346,0
DA:348,0
DA:349,0
DA:350,0
DA:353,0
DA:355,0
DA:356,0
DA:360,0
LF:33
LH:0
BRDA:6,0,0,0
BRDA:6,0,1,0
BRDA:8,1,0,0
BRDA:8,1,1,0
BRDA:9,2,0,0
BRDA:9,2,1,0
BRDA:348,3,0,0
BRDA:348,3,1,0
BRF:8
BRH:0
end_of_record
TN:
SF:src\sdk\chainIDEPluginSDK.js
FN:7,(anonymous_0)
FN:33,(anonymous_1)
FN:34,(anonymous_2)
FN:38,(anonymous_3)
FN:46,(anonymous_4)
FN:50,(anonymous_5)
FN:55,(anonymous_6)
FN:62,(anonymous_7)
FN:76,(anonymous_8)
FN:88,(anonymous_9)
FN:103,(anonymous_10)
FN:116,(anonymous_11)
FN:128,(anonymous_12)
FN:139,(anonymous_13)
FN:163,(anonymous_14)
FN:177,(anonymous_15)
FN:192,(anonymous_16)
FN:208,(anonymous_17)
FN:223,(anonymous_18)
FN:235,(anonymous_19)
FN:247,(anonymous_20)
FN:262,(anonymous_21)
FN:265,(anonymous_22)
FN:279,(anonymous_23)
FN:292,(anonymous_24)
FN:293,(anonymous_25)
FN:300,(anonymous_26)
FN:315,(anonymous_27)
FN:332,(anonymous_28)
FN:350,(anonymous_29)
FN:358,(anonymous_30)
FN:376,(anonymous_31)
FN:395,(anonymous_32)
FN:411,(anonymous_33)
FN:428,(anonymous_34)
FNF:35
FNH:0
FNDA:0,(anonymous_0)
FNDA:0,(anonymous_1)
FNDA:0,(anonymous_2)
FNDA:0,(anonymous_3)
FNDA:0,(anonymous_4)
FNDA:0,(anonymous_5)
FNDA:0,(anonymous_6)
FNDA:0,(anonymous_7)
FNDA:0,(anonymous_8)
FNDA:0,(anonymous_9)
FNDA:0,(anonymous_10)
FNDA:0,(anonymous_11)
FNDA:0,(anonymous_12)
FNDA:0,(anonymous_13)
FNDA:0,(anonymous_14)
FNDA:0,(anonymous_15)
FNDA:0,(anonymous_16)
FNDA:0,(anonymous_17)
FNDA:0,(anonymous_18)
FNDA:0,(anonymous_19)
FNDA:0,(anonymous_20)
FNDA:0,(anonymous_21)
FNDA:0,(anonymous_22)
FNDA:0,(anonymous_23)
FNDA:0,(anonymous_24)
FNDA:0,(anonymous_25)
FNDA:0,(anonymous_26)
FNDA:0,(anonymous_27)
FNDA:0,(anonymous_28)
FNDA:0,(anonymous_29)
FNDA:0,(anonymous_30)
FNDA:0,(anonymous_31)
FNDA:0,(anonymous_32)
FNDA:0,(anonymous_33)
FNDA:0,(anonymous_34)
DA:8,0
DA:19,0
DA:20,0
DA:21,0
DA:22,0
DA:23,0
DA:24,0
DA:25,0
DA:26,0
DA:34,0
DA:35,0
DA:36,0
DA:38,0
DA:39,0
DA:40,0
DA:41,0
DA:42,0
DA:43,0
DA:46,0
DA:47,0
DA:50,0
DA:51,0
DA:52,0
DA:54,0
DA:55,0
DA:56,0
DA:57,0
DA:62,0
DA:63,0
DA:64,0
DA:68,0
DA:77,0
DA:78,0
DA:79,0
DA:80,0
DA:81,0
DA:89,0
DA:104,0
DA:117,0
DA:129,0
DA:146,0
DA:148,0
DA:164,0
DA:178,0
DA:193,0
DA:209,0
DA:224,0
DA:225,0
DA:227,0
DA:236,0
DA:237,0
DA:239,0
DA:248,0
DA:249,0
DA:250,0
DA:251,0
DA:252,0
DA:263,0
DA:264,0
DA:265,0
DA:266,0
DA:267,0
DA:269,0
DA:280,0
DA:281,0
DA:283,0
DA:293,0
DA:294,0
DA:295,0
DA:297,0
DA:300,0
DA:301,0
DA:302,0
DA:303,0
DA:307,0
DA:317,0
DA:318,0
DA:319,0
DA:321,0
DA:322,0
DA:324,0
DA:326,0
DA:330,0
DA:331,0
DA:332,0
DA:333,0
DA:334,0
DA:336,0
DA:342,0
DA:343,0
DA:351,0
DA:359,0
DA:370,0
DA:377,0
DA:396,0
DA:414,0
DA:429,0
DA:430,0
DA:433,0
DA:434,0
DA:443,0
DA:448,0
DA:449,0
DA:450,0
DA:451,0
DA:452,0
LF:106
LH:0
BRDA:7,0,0,0
BRDA:9,1,0,0
BRDA:9,1,1,0
BRDA:10,2,0,0
BRDA:10,2,1,0
BRDA:11,3,0,0
BRDA:11,3,1,0
BRDA:12,4,0,0
BRDA:12,4,1,0
BRDA:13,5,0,0
BRDA:13,5,1,0
BRDA:15,6,0,0
BRDA:15,6,1,0
BRDA:54,7,0,0
BRDA:54,7,1,0
BRDA:54,8,0,0
BRDA:54,8,1,0
BRDA:77,9,0,0
BRDA:77,9,1,0
BRDA:116,10,0,0
BRDA:143,11,0,0
BRDA:144,12,0,0
BRDA:145,13,0,0
BRDA:192,14,0,0
BRDA:224,15,0,0
BRDA:224,15,1,0
BRDA:236,16,0,0
BRDA:236,16,1,0
BRDA:249,17,0,0
BRDA:249,17,1,0
BRDA:251,18,0,0
BRDA:251,18,1,0
BRDA:264,19,0,0
BRDA:264,19,1,0
BRDA:280,20,0,0
BRDA:280,20,1,0
BRDA:280,21,0,0
BRDA:280,21,1,0
BRDA:301,22,0,0
BRDA:301,22,1,0
BRDA:317,23,0,0
BRDA:317,23,1,0
BRDA:317,24,0,0
BRDA:317,24,1,0
BRDA:321,25,0,0
BRDA:321,25,1,0
BRDA:331,26,0,0
BRDA:331,26,1,0
BRDA:380,27,0,0
BRDA:380,27,1,0
BRDA:381,28,0,0
BRDA:381,28,1,0
BRDA:382,29,0,0
BRDA:382,29,1,0
BRDA:383,30,0,0
BRDA:383,30,1,0
BRDA:384,31,0,0
BRDA:384,31,1,0
BRDA:385,32,0,0
BRDA:385,32,1,0
BRDA:398,33,0,0
BRDA:398,33,1,0
BRDA:399,34,0,0
BRDA:399,34,1,0
BRDA:400,35,0,0
BRDA:400,35,1,0
BRDA:401,36,0,0
BRDA:401,36,1,0
BRDA:436,37,0,0
BRDA:436,37,1,0
BRDA:437,38,0,0
BRDA:437,38,1,0
BRDA:438,39,0,0
BRDA:438,39,1,0
BRDA:448,40,0,0
BRDA:448,40,1,0
BRDA:448,41,0,0
BRDA:448,41,1,0
BRDA:450,42,0,0
BRDA:450,42,1,0
BRF:80
BRH:0
end_of_record
TN:
SF:src\services\aiAnalysisPipeline.js
FN:11,(anonymous_0)
FN:45,(anonymous_1)
FN:103,(anonymous_2)
FN:134,(anonymous_3)
FN:152,(anonymous_4)
FN:174,(anonymous_5)
FN:183,(anonymous_6)
FN:188,(anonymous_7)
FN:189,(anonymous_8)
FN:213,(anonymous_9)
FN:259,(anonymous_10)
FN:260,(anonymous_11)
FN:278,(anonymous_12)
FN:288,(anonymous_13)
FN:307,(anonymous_14)
FN:313,(anonymous_15)
FN:314,(anonymous_16)
FN:315,(anonymous_17)
FN:325,(anonymous_18)
FN:331,(anonymous_19)
FN:340,(anonymous_20)
FN:346,(anonymous_21)
FN:347,(anonymous_22)
FN:356,(anonymous_23)
FN:358,(anonymous_24)
FN:367,(anonymous_25)
FN:369,(anonymous_26)
FN:378,(anonymous_27)
FN:380,(anonymous_28)
FN:389,(anonymous_29)
FN:399,(anonymous_30)
FN:408,(anonymous_31)
FN:429,(anonymous_32)
FN:448,(anonymous_33)
FN:448,(anonymous_34)
FN:449,(anonymous_35)
FN:449,(anonymous_36)
FN:454,(anonymous_37)
FN:468,(anonymous_38)
FNF:39
FNH:30
FNDA:6,(anonymous_0)
FNDA:1,(anonymous_1)
FNDA:1,(anonymous_2)
FNDA:1,(anonymous_3)
FNDA:1,(anonymous_4)
FNDA:1,(anonymous_5)
FNDA:1,(anonymous_6)
FNDA:1,(anonymous_7)
FNDA:0,(anonymous_8)
FNDA:1,(anonymous_9)
FNDA:1,(anonymous_10)
FNDA:1,(anonymous_11)
FNDA:1,(anonymous_12)
FNDA:1,(anonymous_13)
FNDA:1,(anonymous_14)
FNDA:13,(anonymous_15)
FNDA:2,(anonymous_16)
FNDA:26,(anonymous_17)
FNDA:1,(anonymous_18)
FNDA:9,(anonymous_19)
FNDA:1,(anonymous_20)
FNDA:9,(anonymous_21)
FNDA:2,(anonymous_22)
FNDA:1,(anonymous_23)
FNDA:5,(anonymous_24)
FNDA:1,(anonymous_25)
FNDA:4,(anonymous_26)
FNDA:1,(anonymous_27)
FNDA:5,(anonymous_28)
FNDA:0,(anonymous_29)
FNDA:0,(anonymous_30)
FNDA:1,(anonymous_31)
FNDA:0,(anonymous_32)
FNDA:0,(anonymous_33)
FNDA:0,(anonymous_34)
FNDA:0,(anonymous_35)
FNDA:0,(anonymous_36)
FNDA:0,(anonymous_37)
FNDA:1,(anonymous_38)
DA:1,6
DA:2,6
DA:3,6
DA:4,6
DA:12,6
DA:13,6
DA:14,6
DA:15,6
DA:16,6
DA:17,6
DA:20,6
DA:32,6
DA:46,1
DA:47,1
DA:49,1
DA:50,1
DA:57,1
DA:60,1
DA:63,1
DA:66,1
DA:69,0
DA:78,0
DA:86,0
DA:89,1
DA:94,1
DA:104,1
DA:106,1
DA:109,1
DA:112,1
DA:114,1
DA:123,0
DA:124,0
DA:135,1
DA:138,1
DA:139,0
DA:142,1
DA:143,0
DA:146,1
DA:147,0
DA:151,1
DA:152,1
DA:156,1
DA:157,0
DA:161,1
DA:175,1
DA:177,1
DA:183,1
DA:184,1
DA:188,1
DA:189,1
DA:192,1
DA:193,1
DA:198,1
DA:201,0
DA:202,0
DA:214,1
DA:216,1
DA:217,1
DA:220,0
DA:233,0
DA:242,1
DA:243,1
DA:260,1
DA:261,1
DA:262,1
DA:264,0
DA:279,1
DA:289,1
DA:291,1
DA:308,1
DA:313,13
DA:315,26
DA:326,1
DA:331,9
DA:341,1
DA:346,9
DA:347,2
DA:357,1
DA:358,5
DA:368,1
DA:369,4
DA:379,1
DA:380,5
DA:390,0
DA:399,0
DA:409,1
DA:411,1
DA:417,1
DA:419,1
DA:420,1
DA:437,0
DA:439,0
DA:448,0
DA:449,0
DA:454,0
DA:469,1
DA:470,1
DA:471,1
DA:472,1
DA:475,1
DA:479,6
LF:101
LH:80
BRDA:14,0,0,6
BRDA:14,0,1,6
BRDA:15,1,0,6
BRDA:15,1,1,6
BRDA:16,2,0,6
BRDA:16,2,1,6
BRDA:17,3,0,6
BRDA:17,3,1,6
BRDA:81,4,0,0
BRDA:81,4,1,0
BRDA:138,5,0,0
BRDA:138,5,1,1
BRDA:142,6,0,0
BRDA:142,6,1,1
BRDA:146,7,0,0
BRDA:146,7,1,1
BRDA:151,8,0,1
BRDA:151,8,1,0
BRDA:151,9,0,1
BRDA:151,9,1,1
BRDA:156,10,0,0
BRDA:156,10,1,1
BRDA:163,11,0,1
BRDA:163,11,1,0
BRDA:164,12,0,1
BRDA:164,12,1,1
BRDA:261,13,0,1
BRDA:261,13,1,0
BRDA:267,14,0,0
BRDA:267,14,1,0
BRDA:313,15,0,1
BRDA:313,15,1,1
BRDA:346,16,0,1
BRDA:346,16,1,1
BRDA:347,17,0,2
BRDA:347,17,1,0
BRDA:392,18,0,0
BRDA:392,18,1,0
BRDA:393,19,0,0
BRDA:393,19,1,0
BRDA:395,20,0,0
BRDA:395,20,1,0
BRDA:396,21,0,0
BRDA:396,21,1,0
BRDA:399,22,0,0
BRDA:399,22,1,0
BRDA:399,23,0,0
BRDA:399,23,1,0
BRDA:458,24,0,0
BRDA:458,24,1,0
BRDA:458,25,0,0
BRDA:458,25,1,0
BRDA:469,26,0,1
BRDA:469,26,1,0
BRDA:470,27,0,1
BRDA:470,27,1,1
BRDA:471,28,0,1
BRDA:471,28,1,1
BRDA:472,29,0,1
BRDA:472,29,1,0
BRF:60
BRH:30
end_of_record
TN:
SF:src\services\aiResultAggregationService.js
FN:8,(anonymous_0)
FN:19,(anonymous_1)
FN:75,(anonymous_2)
FN:91,(anonymous_3)
FN:95,(anonymous_4)
FN:98,(anonymous_5)
FN:134,(anonymous_6)
FN:135,(anonymous_7)
FN:135,(anonymous_8)
FN:163,(anonymous_9)
FN:166,(anonymous_10)
FN:168,(anonymous_11)
FN:191,(anonymous_12)
FN:192,(anonymous_13)
FN:203,(anonymous_14)
FN:212,(anonymous_15)
FN:213,(anonymous_16)
FN:221,(anonymous_17)
FN:222,(anonymous_18)
FN:244,(anonymous_19)
FN:266,(anonymous_20)
FN:269,(anonymous_21)
FN:270,(anonymous_22)
FN:289,(anonymous_23)
FN:290,(anonymous_24)
FN:305,(anonymous_25)
FN:308,(anonymous_26)
FN:335,(anonymous_27)
FN:346,(anonymous_28)
FN:357,(anonymous_29)
FN:374,(anonymous_30)
FN:394,(anonymous_31)
FN:405,(anonymous_32)
FN:417,(anonymous_33)
FN:420,(anonymous_34)
FN:440,(anonymous_35)
FN:441,(anonymous_36)
FN:442,(anonymous_37)
FN:443,(anonymous_38)
FN:460,(anonymous_39)
FN:463,(anonymous_40)
FN:464,(anonymous_41)
FN:465,(anonymous_42)
FN:478,(anonymous_43)
FN:481,(anonymous_44)
FN:490,(anonymous_45)
FN:501,(anonymous_46)
FN:514,(anonymous_47)
FN:517,(anonymous_48)
FN:519,(anonymous_49)
FN:532,(anonymous_50)
FN:533,(anonymous_51)
FN:541,(anonymous_52)
FN:544,(anonymous_53)
FN:546,(anonymous_54)
FN:563,(anonymous_55)
FN:565,(anonymous_56)
FN:566,(anonymous_57)
FN:572,(anonymous_58)
FN:573,(anonymous_59)
FN:574,(anonymous_60)
FN:588,(anonymous_61)
FN:602,(anonymous_62)
FN:606,(anonymous_63)
FN:611,(anonymous_64)
FN:613,(anonymous_65)
FN:621,(anonymous_66)
FN:623,(anonymous_67)
FN:631,(anonymous_68)
FN:636,(anonymous_69)
FN:641,(anonymous_70)
FN:643,(anonymous_71)
FN:660,(anonymous_72)
FNF:73
FNH:6
FNDA:7,(anonymous_0)
FNDA:7,(anonymous_1)
FNDA:7,(anonymous_2)
FNDA:1,(anonymous_3)
FNDA:1,(anonymous_4)
FNDA:1,(anonymous_5)
FNDA:0,(anonymous_6)
FNDA:0,(anonymous_7)
FNDA:0,(anonymous_8)
FNDA:0,(anonymous_9)
FNDA:0,(anonymous_10)
FNDA:0,(anonymous_11)
FNDA:0,(anonymous_12)
FNDA:0,(anonymous_13)
FNDA:0,(anonymous_14)
FNDA:0,(anonymous_15)
FNDA:0,(anonymous_16)
FNDA:0,(anonymous_17)
FNDA:0,(anonymous_18)
FNDA:0,(anonymous_19)
FNDA:0,(anonymous_20)
FNDA:0,(anonymous_21)
FNDA:0,(anonymous_22)
FNDA:0,(anonymous_23)
FNDA:0,(anonymous_24)
FNDA:0,(anonymous_25)
FNDA:0,(anonymous_26)
FNDA:0,(anonymous_27)
FNDA:0,(anonymous_28)
FNDA:0,(anonymous_29)
FNDA:0,(anonymous_30)
FNDA:0,(anonymous_31)
FNDA:0,(anonymous_32)
FNDA:0,(anonymous_33)
FNDA:0,(anonymous_34)
FNDA:0,(anonymous_35)
FNDA:0,(anonymous_36)
FNDA:0,(anonymous_37)
FNDA:0,(anonymous_38)
FNDA:0,(anonymous_39)
FNDA:0,(anonymous_40)
FNDA:0,(anonymous_41)
FNDA:0,(anonymous_42)
FNDA:0,(anonymous_43)
FNDA:0,(anonymous_44)
FNDA:0,(anonymous_45)
FNDA:0,(anonymous_46)
FNDA:0,(anonymous_47)
FNDA:0,(anonymous_48)
FNDA:0,(anonymous_49)
FNDA:0,(anonymous_50)
FNDA:0,(anonymous_51)
FNDA:0,(anonymous_52)
FNDA:0,(anonymous_53)
FNDA:0,(anonymous_54)
FNDA:0,(anonymous_55)
FNDA:0,(anonymous_56)
FNDA:0,(anonymous_57)
FNDA:0,(anonymous_58)
FNDA:0,(anonymous_59)
FNDA:0,(anonymous_60)
FNDA:0,(anonymous_61)
FNDA:0,(anonymous_62)
FNDA:0,(anonymous_63)
FNDA:0,(anonymous_64)
FNDA:0,(anonymous_65)
FNDA:0,(anonymous_66)
FNDA:0,(anonymous_67)
FNDA:0,(anonymous_68)
FNDA:0,(anonymous_69)
FNDA:0,(anonymous_70)
FNDA:0,(anonymous_71)
FNDA:0,(anonymous_72)
DA:1,7
DA:9,7
DA:10,7
DA:11,7
DA:12,7
DA:20,7
DA:76,7
DA:92,1
DA:93,1
DA:95,1
DA:98,1
DA:100,1
DA:101,1
DA:105,0
DA:108,0
DA:111,0
DA:114,0
DA:117,0
DA:120,0
DA:122,0
DA:134,0
DA:135,0
DA:143,0
DA:150,0
DA:153,1
DA:154,1
DA:164,0
DA:166,0
DA:167,0
DA:168,0
DA:169,0
DA:177,0
DA:183,0
DA:192,0
DA:193,0
DA:194,0
DA:196,0
DA:203,0
DA:213,0
DA:221,0
DA:222,0
DA:223,0
DA:226,0
DA:227,0
DA:229,0
DA:245,0
DA:246,0
DA:247,0
DA:249,0
DA:251,0
DA:267,0
DA:268,0
DA:269,0
DA:270,0
DA:272,0
DA:274,0
DA:275,0
DA:277,0
DA:278,0
DA:279,0
DA:281,0
DA:282,0
DA:284,0
DA:288,0
DA:289,0
DA:290,0
DA:293,0
DA:294,0
DA:297,0
DA:306,0
DA:308,0
DA:309,0
DA:311,0
DA:312,0
DA:314,0
DA:316,0
DA:317,0
DA:318,0
DA:319,0
DA:320,0
DA:323,0
DA:327,0
DA:336,0
DA:337,0
DA:347,0
DA:348,0
DA:349,0
DA:358,0
DA:366,0
DA:375,0
DA:376,0
DA:379,0
DA:385,0
DA:396,0
DA:397,0
DA:406,0
DA:407,0
DA:408,0
DA:409,0
DA:418,0
DA:420,0
DA:421,0
DA:429,0
DA:432,0
DA:441,0
DA:442,0
DA:443,0
DA:445,0
DA:461,0
DA:463,0
DA:464,0
DA:465,0
DA:466,0
DA:469,0
DA:470,0
DA:479,0
DA:481,0
DA:482,0
DA:491,0
DA:492,0
DA:493,0
DA:502,0
DA:503,0
DA:504,0
DA:505,0
DA:506,0
DA:515,0
DA:517,0
DA:518,0
DA:519,0
DA:520,0
DA:530,0
DA:531,0
DA:532,0
DA:533,0
DA:542,0
DA:544,0
DA:545,0
DA:546,0
DA:547,0
DA:555,0
DA:564,0
DA:565,0
DA:566,0
DA:568,0
DA:569,0
DA:572,0
DA:573,0
DA:574,0
DA:576,0
DA:589,0
DA:596,0
DA:598,0
DA:603,0
DA:607,0
DA:608,0
DA:612,0
DA:613,0
DA:614,0
DA:615,0
DA:616,0
DA:617,0
DA:622,0
DA:623,0
DA:624,0
DA:625,0
DA:626,0
DA:627,0
DA:633,0
DA:638,0
DA:642,0
DA:643,0
DA:646,0
DA:647,0
DA:648,0
DA:649,0
DA:651,0
DA:661,0
DA:662,0
DA:663,0
DA:664,0
DA:668,7
LF:182
LH:16
BRDA:91,0,0,0
BRDA:100,1,0,1
BRDA:100,1,1,0
BRDA:133,2,0,0
BRDA:133,2,1,0
BRDA:167,3,0,0
BRDA:167,3,1,0
BRDA:174,4,0,0
BRDA:174,4,1,0
BRDA:215,5,0,0
BRDA:215,5,1,0
BRDA:217,6,0,0
BRDA:217,6,1,0
BRDA:223,7,0,0
BRDA:223,7,1,0
BRDA:274,8,0,0
BRDA:274,8,1,0
BRDA:278,9,0,0
BRDA:278,9,1,0
BRDA:281,10,0,0
BRDA:281,10,1,0
BRDA:293,11,0,0
BRDA:293,11,1,0
BRDA:311,12,0,0
BRDA:311,12,1,0
BRDA:318,13,0,0
BRDA:318,13,1,0
BRDA:336,14,0,0
BRDA:336,14,1,0
BRDA:336,15,0,0
BRDA:336,15,1,0
BRDA:336,16,0,0
BRDA:336,16,1,0
BRDA:348,17,0,0
BRDA:348,17,1,0
BRDA:349,18,0,0
BRDA:349,18,1,0
BRDA:349,18,2,0
BRDA:366,19,0,0
BRDA:366,19,1,0
BRDA:375,20,0,0
BRDA:375,20,1,0
BRDA:385,21,0,0
BRDA:385,21,1,0
BRDA:396,22,0,0
BRDA:396,22,1,0
BRDA:406,23,0,0
BRDA:406,23,1,0
BRDA:407,24,0,0
BRDA:407,24,1,0
BRDA:408,25,0,0
BRDA:408,25,1,0
BRDA:421,26,0,0
BRDA:421,26,1,0
BRDA:461,27,0,0
BRDA:461,27,1,0
BRDA:463,28,0,0
BRDA:463,28,1,0
BRDA:479,29,0,0
BRDA:479,29,1,0
BRDA:502,30,0,0
BRDA:502,30,1,0
BRDA:503,31,0,0
BRDA:503,31,1,0
BRDA:504,32,0,0
BRDA:504,32,1,0
BRDA:505,33,0,0
BRDA:505,33,1,0
BRDA:518,34,0,0
BRDA:518,34,1,0
BRDA:545,35,0,0
BRDA:545,35,1,0
BRDA:568,36,0,0
BRDA:568,36,1,0
BRDA:572,37,0,0
BRDA:572,37,1,0
BRDA:573,38,0,0
BRDA:573,38,1,0
BRDA:574,39,0,0
BRDA:574,39,1,0
BRDA:608,40,0,0
BRDA:608,40,1,0
BRDA:615,41,0,0
BRDA:615,41,1,0
BRDA:625,42,0,0
BRDA:625,42,1,0
BRDA:646,43,0,0
BRDA:646,43,1,0
BRDA:646,44,0,0
BRDA:646,44,1,0
BRDA:647,45,0,0
BRDA:647,45,1,0
BRDA:648,46,0,0
BRDA:648,46,1,0
BRDA:661,47,0,0
BRDA:661,47,1,0
BRDA:662,48,0,0
BRDA:662,48,1,0
BRDA:663,49,0,0
BRDA:663,49,1,0
BRF:100
BRH:1
end_of_record
TN:
SF:src\services\analyticsService.js
FN:8,(anonymous_0)
FN:19,(anonymous_1)
FN:36,(anonymous_2)
FN:64,(anonymous_3)
FN:133,(anonymous_4)
FN:181,(anonymous_5)
FN:221,(anonymous_6)
FN:269,(anonymous_7)
FN:309,(anonymous_8)
FN:353,(anonymous_9)
FN:411,(anonymous_10)
FN:456,(anonymous_11)
FN:469,(anonymous_12)
FN:477,(anonymous_13)
FN:487,(anonymous_14)
FN:501,(anonymous_15)
FN:519,(anonymous_16)
FN:520,(anonymous_17)
FN:521,(anonymous_18)
FN:522,(anonymous_19)
FN:523,(anonymous_20)
FN:524,(anonymous_21)
FN:525,(anonymous_22)
FN:526,(anonymous_23)
FNF:24
FNH:0
FNDA:0,(anonymous_0)
FNDA:0,(anonymous_1)
FNDA:0,(anonymous_2)
FNDA:0,(anonymous_3)
FNDA:0,(anonymous_4)
FNDA:0,(anonymous_5)
FNDA:0,(anonymous_6)
FNDA:0,(anonymous_7)
FNDA:0,(anonymous_8)
FNDA:0,(anonymous_9)
FNDA:0,(anonymous_10)
FNDA:0,(anonymous_11)
FNDA:0,(anonymous_12)
FNDA:0,(anonymous_13)
FNDA:0,(anonymous_14)
FNDA:0,(anonymous_15)
FNDA:0,(anonymous_16)
FNDA:0,(anonymous_17)
FNDA:0,(anonymous_18)
FNDA:0,(anonymous_19)
FNDA:0,(anonymous_20)
FNDA:0,(anonymous_21)
FNDA:0,(anonymous_22)
FNDA:0,(anonymous_23)
DA:1,0
DA:9,0
DA:10,0
DA:11,0
DA:12,0
DA:20,0
DA:37,0
DA:65,0
DA:71,0
DA:73,0
DA:82,0
DA:91,0
DA:109,0
DA:110,0
DA:113,0
DA:119,0
DA:122,0
DA:123,0
DA:134,0
DA:135,0
DA:136,0
DA:137,0
DA:141,0
DA:166,0
DA:167,0
DA:170,0
DA:171,0
DA:182,0
DA:183,0
DA:184,0
DA:185,0
DA:187,0
DA:206,0
DA:207,0
DA:210,0
DA:211,0
DA:222,0
DA:223,0
DA:224,0
DA:225,0
DA:227,0
DA:254,0
DA:255,0
DA:258,0
DA:259,0
DA:270,0
DA:271,0
DA:295,0
DA:298,0
DA:299,0
DA:310,0
DA:311,0
DA:339,0
DA:342,0
DA:343,0
DA:354,0
DA:355,0
DA:396,0
DA:399,0
DA:400,0
DA:412,0
DA:415,0
DA:416,0
DA:426,0
DA:427,0
DA:437,0
DA:438,0
DA:447,0
DA:458,0
DA:470,0
DA:471,0
DA:472,0
DA:474,0
DA:478,0
DA:488,0
DA:489,0
DA:490,0
DA:491,0
DA:492,0
DA:493,0
DA:498,0
DA:502,0
DA:503,0
DA:504,0
DA:505,0
DA:506,0
DA:507,0
DA:515,0
DA:519,0
DA:520,0
DA:521,0
DA:522,0
DA:523,0
DA:524,0
DA:525,0
DA:526,0
DA:529,0
LF:97
LH:0
BRDA:64,0,0,0
BRDA:67,1,0,0
BRDA:68,2,0,0
BRDA:69,3,0,0
BRDA:70,4,0,0
BRDA:88,5,0,0
BRDA:88,5,1,0
BRDA:109,6,0,0
BRDA:109,6,1,0
BRDA:133,7,0,0
BRDA:135,8,0,0
BRDA:135,8,1,0
BRDA:137,9,0,0
BRDA:137,9,1,0
BRDA:181,10,0,0
BRDA:183,11,0,0
BRDA:183,11,1,0
BRDA:185,12,0,0
BRDA:185,12,1,0
BRDA:189,13,0,0
BRDA:189,13,1,0
BRDA:221,14,0,0
BRDA:223,15,0,0
BRDA:223,15,1,0
BRDA:225,16,0,0
BRDA:225,16,1,0
BRDA:269,17,0,0
BRDA:309,18,0,0
BRDA:353,19,0,0
BRDA:415,20,0,0
BRDA:415,20,1,0
BRDA:426,21,0,0
BRDA:426,21,1,0
BRDA:437,22,0,0
BRDA:437,22,1,0
BRDA:456,23,0,0
BRDA:471,24,0,0
BRDA:471,24,1,0
BRDA:471,25,0,0
BRDA:471,25,1,0
BRDA:488,26,0,0
BRDA:488,26,1,0
BRDA:502,27,0,0
BRDA:502,27,1,0
BRF:44
BRH:0
end_of_record
TN:
SF:src\services\auditEngine.js
FN:11,(anonymous_0)
FN:25,(anonymous_1)
FN:131,(anonymous_2)
FN:210,(anonymous_3)
FN:252,(anonymous_4)
FN:279,(anonymous_5)
FN:293,(anonymous_6)
FN:313,(anonymous_7)
FN:334,(anonymous_8)
FN:336,(anonymous_9)
FN:347,(anonymous_10)
FN:380,(anonymous_11)
FN:383,(anonymous_12)
FN:403,(anonymous_13)
FN:405,(anonymous_14)
FN:420,(anonymous_15)
FN:429,(anonymous_16)
FN:452,(anonymous_17)
FN:464,(anonymous_18)
FN:504,(anonymous_19)
FNF:20
FNH:0
FNDA:0,(anonymous_0)
FNDA:0,(anonymous_1)
FNDA:0,(anonymous_2)
FNDA:0,(anonymous_3)
FNDA:0,(anonymous_4)
FNDA:0,(anonymous_5)
FNDA:0,(anonymous_6)
FNDA:0,(anonymous_7)
FNDA:0,(anonymous_8)
FNDA:0,(anonymous_9)
FNDA:0,(anonymous_10)
FNDA:0,(anonymous_11)
FNDA:0,(anonymous_12)
FNDA:0,(anonymous_13)
FNDA:0,(anonymous_14)
FNDA:0,(anonymous_15)
FNDA:0,(anonymous_16)
FNDA:0,(anonymous_17)
FNDA:0,(anonymous_18)
FNDA:0,(anonymous_19)
DA:1,0
DA:2,0
DA:3,0
DA:4,0
DA:5,0
DA:6,0
DA:7,0
DA:8,0
DA:12,0
DA:13,0
DA:26,0
DA:27,0
DA:29,0
DA:30,0
DA:33,0
DA:36,0
DA:39,0
DA:48,0
DA:51,0
DA:54,0
DA:66,0
DA:67,0
DA:89,0
DA:97,0
DA:99,0
DA:106,0
DA:109,0
DA:112,0
DA:120,0
DA:132,0
DA:133,0
DA:135,0
DA:136,0
DA:143,0
DA:144,0
DA:147,0
DA:148,0
DA:152,0
DA:154,0
DA:156,0
DA:160,0
DA:168,0
DA:178,0
DA:181,0
DA:189,0
DA:199,0
DA:211,0
DA:213,0
DA:215,0
DA:243,0
DA:244,0
DA:253,0
DA:263,0
DA:264,0
DA:266,0
DA:281,0
DA:282,0
DA:283,0
DA:285,0
DA:294,0
DA:296,0
DA:297,0
DA:299,0
DA:300,0
DA:302,0
DA:303,0
DA:306,0
DA:314,0
DA:315,0
DA:318,0
DA:319,0
DA:323,0
DA:324,0
DA:336,0
DA:347,0
DA:354,0
DA:355,0
DA:358,0
DA:365,0
DA:381,0
DA:383,0
DA:384,0
DA:385,0
DA:386,0
DA:391,0
DA:392,0
DA:395,0
DA:404,0
DA:405,0
DA:406,0
DA:407,0
DA:408,0
DA:410,0
DA:411,0
DA:421,0
DA:424,0
DA:425,0
DA:427,0
DA:429,0
DA:430,0
DA:431,0
DA:432,0
DA:435,0
DA:436,0
DA:438,0
DA:453,0
DA:454,0
DA:455,0
DA:456,0
DA:465,0
DA:505,0
DA:509,0
LF:112
LH:0
BRDA:12,0,0,0
BRDA:12,0,1,0
BRDA:14,1,0,0
BRDA:14,1,1,0
BRDA:15,2,0,0
BRDA:15,2,1,0
BRDA:25,3,0,0
BRDA:44,4,0,0
BRDA:44,4,1,0
BRDA:72,5,0,0
BRDA:72,5,1,0
BRDA:81,6,0,0
BRDA:81,6,1,0
BRDA:82,7,0,0
BRDA:82,7,1,0
BRDA:131,8,0,0
BRDA:131,9,0,0
BRDA:143,10,0,0
BRDA:143,10,1,0
BRDA:147,11,0,0
BRDA:147,11,1,0
BRDA:154,12,0,0
BRDA:154,12,1,0
BRDA:282,13,0,0
BRDA:282,13,1,0
BRDA:283,14,0,0
BRDA:283,14,1,0
BRDA:296,15,0,0
BRDA:296,15,1,0
BRDA:299,16,0,0
BRDA:299,16,1,0
BRDA:302,17,0,0
BRDA:302,17,1,0
BRDA:314,18,0,0
BRDA:314,18,1,0
BRDA:314,19,0,0
BRDA:314,19,1,0
BRDA:318,20,0,0
BRDA:318,20,1,0
BRDA:323,21,0,0
BRDA:323,21,1,0
BRDA:323,22,0,0
BRDA:323,22,1,0
BRDA:323,22,2,0
BRDA:350,23,0,0
BRDA:350,23,1,0
BRDA:384,24,0,0
BRDA:384,24,1,0
BRDA:385,25,0,0
BRDA:385,25,1,0
BRDA:392,26,0,0
BRDA:392,26,1,0
BRDA:407,27,0,0
BRDA:407,27,1,0
BRDA:430,28,0,0
BRDA:430,28,1,0
BRDA:432,29,0,0
BRDA:432,29,1,0
BRDA:443,30,0,0
BRDA:443,30,1,0
BRDA:453,31,0,0
BRDA:453,31,1,0
BRDA:454,32,0,0
BRDA:454,32,1,0
BRDA:455,33,0,0
BRDA:455,33,1,0
BRDA:470,34,0,0
BRDA:470,34,1,0
BRDA:482,35,0,0
BRDA:482,35,1,0
BRDA:483,36,0,0
BRDA:483,36,1,0
BRDA:484,37,0,0
BRDA:484,37,1,0
BRDA:485,38,0,0
BRDA:485,38,1,0
BRDA:488,39,0,0
BRDA:488,39,1,0
BRDA:489,40,0,0
BRDA:489,40,1,0
BRDA:490,41,0,0
BRDA:490,41,1,0
BRDA:491,42,0,0
BRDA:491,42,1,0
BRDA:492,43,0,0
BRDA:492,43,1,0
BRDA:494,44,0,0
BRDA:494,44,1,0
BRF:88
BRH:0
end_of_record
TN:
SF:src\services\chainIDEIntegrationService.js
FN:12,(anonymous_0)
FN:27,(anonymous_1)
FN:67,(anonymous_2)
FN:68,(anonymous_3)
FN:86,(anonymous_4)
FN:90,(anonymous_5)
FN:94,(anonymous_6)
FN:107,(anonymous_7)
FN:117,(anonymous_8)
FN:189,(anonymous_9)
FN:227,(anonymous_10)
FN:270,(anonymous_11)
FN:311,(anonymous_12)
FN:366,(anonymous_13)
FN:480,(anonymous_14)
FN:528,(anonymous_15)
FN:541,(anonymous_16)
FN:556,(anonymous_17)
FN:560,(anonymous_18)
FN:571,(anonymous_19)
FN:579,(anonymous_20)
FN:588,(anonymous_21)
FN:603,(anonymous_22)
FN:640,(anonymous_23)
FN:693,(anonymous_24)
FN:732,(anonymous_25)
FN:763,(anonymous_26)
FN:793,(anonymous_27)
FN:801,(anonymous_28)
FN:823,(anonymous_29)
FN:836,(anonymous_30)
FN:838,(anonymous_31)
FN:846,(anonymous_32)
FN:857,(anonymous_33)
FN:866,(anonymous_34)
FN:883,(anonymous_35)
FN:907,(anonymous_36)
FN:923,(anonymous_37)
FN:938,(anonymous_38)
FN:955,(anonymous_39)
FN:966,(anonymous_40)
FN:982,(anonymous_41)
FN:991,(anonymous_42)
FN:999,(anonymous_43)
FNF:44
FNH:0
FNDA:0,(anonymous_0)
FNDA:0,(anonymous_1)
FNDA:0,(anonymous_2)
FNDA:0,(anonymous_3)
FNDA:0,(anonymous_4)
FNDA:0,(anonymous_5)
FNDA:0,(anonymous_6)
FNDA:0,(anonymous_7)
FNDA:0,(anonymous_8)
FNDA:0,(anonymous_9)
FNDA:0,(anonymous_10)
FNDA:0,(anonymous_11)
FNDA:0,(anonymous_12)
FNDA:0,(anonymous_13)
FNDA:0,(anonymous_14)
FNDA:0,(anonymous_15)
FNDA:0,(anonymous_16)
FNDA:0,(anonymous_17)
FNDA:0,(anonymous_18)
FNDA:0,(anonymous_19)
FNDA:0,(anonymous_20)
FNDA:0,(anonymous_21)
FNDA:0,(anonymous_22)
FNDA:0,(anonymous_23)
FNDA:0,(anonymous_24)
FNDA:0,(anonymous_25)
FNDA:0,(anonymous_26)
FNDA:0,(anonymous_27)
FNDA:0,(anonymous_28)
FNDA:0,(anonymous_29)
FNDA:0,(anonymous_30)
FNDA:0,(anonymous_31)
FNDA:0,(anonymous_32)
FNDA:0,(anonymous_33)
FNDA:0,(anonymous_34)
FNDA:0,(anonymous_35)
FNDA:0,(anonymous_36)
FNDA:0,(anonymous_37)
FNDA:0,(anonymous_38)
FNDA:0,(anonymous_39)
FNDA:0,(anonymous_40)
FNDA:0,(anonymous_41)
FNDA:0,(anonymous_42)
FNDA:0,(anonymous_43)
DA:1,0
DA:2,0
DA:3,0
DA:4,0
DA:5,0
DA:13,0
DA:14,0
DA:15,0
DA:16,0
DA:17,0
DA:18,0
DA:19,0
DA:20,0
DA:28,0
DA:34,0
DA:37,0
DA:43,0
DA:44,0
DA:45,0
DA:47,0
DA:49,0
DA:56,0
DA:59,0
DA:60,0
DA:68,0
DA:69,0
DA:70,0
DA:72,0
DA:75,0
DA:86,0
DA:87,0
DA:90,0
DA:91,0
DA:94,0
DA:95,0
DA:99,0
DA:107,0
DA:108,0
DA:118,0
DA:119,0
DA:120,0
DA:122,0
DA:123,0
DA:124,0
DA:127,0
DA:133,0
DA:135,0
DA:136,0
DA:139,0
DA:140,0
DA:143,0
DA:144,0
DA:147,0
DA:148,0
DA:151,0
DA:152,0
DA:155,0
DA:156,0
DA:159,0
DA:160,0
DA:163,0
DA:164,0
DA:167,0
DA:168,0
DA:171,0
DA:172,0
DA:176,0
DA:180,0
DA:190,0
DA:191,0
DA:194,0
DA:195,0
DA:197,0
DA:198,0
DA:199,0
DA:200,0
DA:202,0
DA:210,0
DA:217,0
DA:218,0
DA:228,0
DA:229,0
DA:230,0
DA:232,0
DA:233,0
DA:234,0
DA:238,0
DA:239,0
DA:240,0
DA:254,0
DA:258,0
DA:266,0
DA:269,0
DA:270,0
DA:271,0
DA:279,0
DA:287,0
DA:293,0
DA:301,0
DA:302,0
DA:312,0
DA:313,0
DA:314,0
DA:316,0
DA:317,0
DA:318,0
DA:322,0
DA:323,0
DA:336,0
DA:344,0
DA:346,0
DA:354,0
DA:358,0
DA:367,0
DA:368,0
DA:369,0
DA:379,0
DA:382,0
DA:389,0
DA:397,0
DA:410,0
DA:411,0
DA:424,0
DA:425,0
DA:426,0
DA:439,0
DA:440,0
DA:446,0
DA:448,0
DA:457,0
DA:462,0
DA:463,0
DA:464,0
DA:470,0
DA:481,0
DA:482,0
DA:483,0
DA:485,0
DA:486,0
DA:487,0
DA:490,0
DA:491,0
DA:492,0
DA:493,0
DA:497,0
DA:506,0
DA:516,0
DA:529,0
DA:530,0
DA:531,0
DA:542,0
DA:557,0
DA:558,0
DA:560,0
DA:561,0
DA:562,0
DA:572,0
DA:580,0
DA:589,0
DA:604,0
DA:605,0
DA:606,0
DA:608,0
DA:609,0
DA:610,0
DA:613,0
DA:619,0
DA:620,0
DA:624,0
DA:625,0
DA:631,0
DA:641,0
DA:642,0
DA:643,0
DA:645,0
DA:646,0
DA:647,0
DA:650,0
DA:651,0
DA:652,0
DA:653,0
DA:657,0
DA:658,0
DA:659,0
DA:660,0
DA:661,0
DA:665,0
DA:676,0
DA:677,0
DA:681,0
DA:694,0
DA:695,0
DA:696,0
DA:698,0
DA:699,0
DA:700,0
DA:703,0
DA:713,0
DA:719,0
DA:722,0
DA:723,0
DA:733,0
DA:734,0
DA:735,0
DA:737,0
DA:738,0
DA:739,0
DA:743,0
DA:745,0
DA:754,0
DA:755,0
DA:764,0
DA:765,0
DA:768,0
DA:769,0
DA:770,0
DA:771,0
DA:774,0
DA:782,0
DA:784,0
DA:795,0
DA:802,0
DA:823,0
DA:824,0
DA:838,0
DA:839,0
DA:859,0
DA:860,0
DA:862,0
DA:863,0
DA:866,0
DA:867,0
DA:885,0
DA:886,0
DA:888,0
DA:890,0
DA:892,0
DA:894,0
DA:899,0
DA:908,0
DA:910,0
DA:924,0
DA:926,0
DA:939,0
DA:941,0
DA:956,0
DA:957,0
DA:958,0
DA:967,0
DA:983,0
DA:991,0
DA:1000,0
DA:1010,0
LF:253
LH:0
BRDA:27,0,0,0
BRDA:30,1,0,0
BRDA:30,2,0,0
BRDA:30,2,1,0
BRDA:31,3,0,0
BRDA:32,4,0,0
BRDA:33,5,0,0
BRDA:122,6,0,0
BRDA:122,6,1,0
BRDA:133,7,0,0
BRDA:133,7,1,0
BRDA:133,7,2,0
BRDA:133,7,3,0
BRDA:133,7,4,0
BRDA:133,7,5,0
BRDA:133,7,6,0
BRDA:133,7,7,0
BRDA:133,7,8,0
BRDA:133,7,9,0
BRDA:198,8,0,0
BRDA:198,8,1,0
BRDA:200,9,0,0
BRDA:200,9,1,0
BRDA:232,10,0,0
BRDA:232,10,1,0
BRDA:239,11,0,0
BRDA:239,11,1,0
BRDA:269,12,0,0
BRDA:269,12,1,0
BRDA:313,13,0,0
BRDA:316,14,0,0
BRDA:316,14,1,0
BRDA:330,15,0,0
BRDA:330,15,1,0
BRDA:369,16,0,0
BRDA:369,16,1,0
BRDA:392,17,0,0
BRDA:392,17,1,0
BRDA:410,18,0,0
BRDA:410,18,1,0
BRDA:417,19,0,0
BRDA:417,19,1,0
BRDA:425,20,0,0
BRDA:425,20,1,0
BRDA:433,21,0,0
BRDA:433,21,1,0
BRDA:439,22,0,0
BRDA:439,22,1,0
BRDA:453,23,0,0
BRDA:453,23,1,0
BRDA:463,24,0,0
BRDA:463,24,1,0
BRDA:485,25,0,0
BRDA:485,25,1,0
BRDA:491,26,0,0
BRDA:491,26,1,0
BRDA:530,27,0,0
BRDA:530,27,1,0
BRDA:530,28,0,0
BRDA:530,28,1,0
BRDA:556,29,0,0
BRDA:558,30,0,0
BRDA:558,30,1,0
BRDA:561,31,0,0
BRDA:561,31,1,0
BRDA:561,32,0,0
BRDA:561,32,1,0
BRDA:606,33,0,0
BRDA:606,33,1,0
BRDA:609,34,0,0
BRDA:609,34,1,0
BRDA:619,35,0,0
BRDA:619,35,1,0
BRDA:645,36,0,0
BRDA:645,36,1,0
BRDA:651,37,0,0
BRDA:651,37,1,0
BRDA:658,38,0,0
BRDA:658,38,1,0
BRDA:676,39,0,0
BRDA:676,39,1,0
BRDA:676,40,0,0
BRDA:676,40,1,0
BRDA:698,41,0,0
BRDA:698,41,1,0
BRDA:737,42,0,0
BRDA:737,42,1,0
BRDA:765,43,0,0
BRDA:765,43,1,0
BRDA:768,44,0,0
BRDA:768,44,1,0
BRDA:770,45,0,0
BRDA:770,45,1,0
BRDA:862,46,0,0
BRDA:862,46,1,0
BRDA:885,47,0,0
BRDA:885,47,1,0
BRDA:886,48,0,0
BRDA:886,48,1,0
BRDA:886,48,2,0
BRDA:886,48,3,0
BRDA:956,49,0,0
BRDA:956,49,1,0
BRDA:957,50,0,0
BRDA:957,50,1,0
BRF:105
BRH:0
end_of_record
TN:
SF:src\services\codeCompletionEngine.js
FN:8,(anonymous_0)
FN:21,(anonymous_1)
FN:56,(anonymous_2)
FN:91,(anonymous_3)
FN:128,(anonymous_4)
FN:170,(anonymous_5)
FN:249,(anonymous_6)
FN:307,(anonymous_7)
FN:309,(anonymous_8)
FN:310,(anonymous_9)
FN:324,(anonymous_10)
FN:326,(anonymous_11)
FN:327,(anonymous_12)
FN:342,(anonymous_13)
FN:345,(anonymous_14)
FN:346,(anonymous_15)
FN:362,(anonymous_16)
FN:366,(anonymous_17)
FN:382,(anonymous_18)
FN:385,(anonymous_19)
FN:386,(anonymous_20)
FN:400,(anonymous_21)
FN:402,(anonymous_22)
FN:403,(anonymous_23)
FN:418,(anonymous_24)
FN:420,(anonymous_25)
FN:421,(anonymous_26)
FN:436,(anonymous_27)
FN:457,(anonymous_28)
FN:458,(anonymous_29)
FN:484,(anonymous_30)
FN:490,(anonymous_31)
FN:495,(anonymous_32)
FN:500,(anonymous_33)
FN:505,(anonymous_34)
FN:510,(anonymous_35)
FN:515,(anonymous_36)
FN:525,(anonymous_37)
FN:543,(anonymous_38)
FN:559,(anonymous_39)
FN:564,(anonymous_40)
FN:581,(anonymous_41)
FN:589,(anonymous_42)
FN:596,(anonymous_43)
FN:604,(anonymous_44)
FN:613,(anonymous_45)
FNF:46
FNH:6
FNDA:3,(anonymous_0)
FNDA:3,(anonymous_1)
FNDA:3,(anonymous_2)
FNDA:3,(anonymous_3)
FNDA:3,(anonymous_4)
FNDA:0,(anonymous_5)
FNDA:0,(anonymous_6)
FNDA:0,(anonymous_7)
FNDA:0,(anonymous_8)
FNDA:0,(anonymous_9)
FNDA:0,(anonymous_10)
FNDA:0,(anonymous_11)
FNDA:0,(anonymous_12)
FNDA:0,(anonymous_13)
FNDA:0,(anonymous_14)
FNDA:0,(anonymous_15)
FNDA:0,(anonymous_16)
FNDA:0,(anonymous_17)
FNDA:0,(anonymous_18)
FNDA:0,(anonymous_19)
FNDA:0,(anonymous_20)
FNDA:0,(anonymous_21)
FNDA:0,(anonymous_22)
FNDA:0,(anonymous_23)
FNDA:0,(anonymous_24)
FNDA:0,(anonymous_25)
FNDA:0,(anonymous_26)
FNDA:0,(anonymous_27)
FNDA:0,(anonymous_28)
FNDA:0,(anonymous_29)
FNDA:0,(anonymous_30)
FNDA:0,(anonymous_31)
FNDA:0,(anonymous_32)
FNDA:0,(anonymous_33)
FNDA:0,(anonymous_34)
FNDA:0,(anonymous_35)
FNDA:0,(anonymous_36)
FNDA:0,(anonymous_37)
FNDA:0,(anonymous_38)
FNDA:0,(anonymous_39)
FNDA:0,(anonymous_40)
FNDA:0,(anonymous_41)
FNDA:0,(anonymous_42)
FNDA:0,(anonymous_43)
FNDA:0,(anonymous_44)
FNDA:4,(anonymous_45)
DA:1,3
DA:9,3
DA:10,3
DA:11,3
DA:12,3
DA:13,3
DA:14,3
DA:22,3
DA:57,3
DA:75,3
DA:76,96
DA:80,3
DA:81,96
DA:84,3
DA:92,3
DA:129,3
DA:171,0
DA:172,0
DA:173,0
DA:176,0
DA:177,0
DA:178,0
DA:181,0
DA:190,0
DA:192,0
DA:193,0
DA:195,0
DA:196,0
DA:198,0
DA:199,0
DA:201,0
DA:202,0
DA:204,0
DA:205,0
DA:207,0
DA:208,0
DA:210,0
DA:211,0
DA:213,0
DA:214,0
DA:216,0
DA:220,0
DA:223,0
DA:226,0
DA:231,0
DA:234,0
DA:235,0
DA:250,0
DA:251,0
DA:252,0
DA:253,0
DA:256,0
DA:257,0
DA:260,0
DA:275,0
DA:276,0
DA:277,0
DA:278,0
DA:279,0
DA:280,0
DA:281,0
DA:282,0
DA:283,0
DA:284,0
DA:285,0
DA:286,0
DA:287,0
DA:288,0
DA:289,0
DA:292,0
DA:293,0
DA:294,0
DA:295,0
DA:299,0
DA:308,0
DA:309,0
DA:310,0
DA:325,0
DA:326,0
DA:327,0
DA:343,0
DA:344,0
DA:345,0
DA:346,0
DA:363,0
DA:364,0
DA:366,0
DA:383,0
DA:384,0
DA:385,0
DA:386,0
DA:401,0
DA:402,0
DA:403,0
DA:419,0
DA:420,0
DA:421,0
DA:437,0
DA:440,0
DA:443,0
DA:446,0
DA:448,0
DA:458,0
DA:460,0
DA:461,0
DA:465,0
DA:466,0
DA:467,0
DA:468,0
DA:472,0
DA:473,0
DA:474,0
DA:475,0
DA:479,0
DA:485,0
DA:486,0
DA:487,0
DA:492,0
DA:496,0
DA:497,0
DA:501,0
DA:502,0
DA:506,0
DA:507,0
DA:511,0
DA:512,0
DA:516,0
DA:517,0
DA:518,0
DA:519,0
DA:521,0
DA:527,0
DA:528,0
DA:531,0
DA:532,0
DA:540,0
DA:545,0
DA:546,0
DA:549,0
DA:550,0
DA:556,0
DA:561,0
DA:565,0
DA:578,0
DA:582,0
DA:590,0
DA:597,0
DA:598,0
DA:605,0
DA:606,0
DA:614,4
DA:625,3
LF:152
LH:18
BRDA:177,0,0,0
BRDA:177,0,1,0
BRDA:177,1,0,0
BRDA:177,1,1,0
BRDA:190,2,0,0
BRDA:190,2,1,0
BRDA:190,2,2,0
BRDA:190,2,3,0
BRDA:190,2,4,0
BRDA:190,2,5,0
BRDA:190,2,6,0
BRDA:190,2,7,0
BRDA:190,2,8,0
BRDA:251,3,0,0
BRDA:251,3,1,0
BRDA:276,4,0,0
BRDA:276,4,1,0
BRDA:280,5,0,0
BRDA:280,5,1,0
BRDA:284,6,0,0
BRDA:284,6,1,0
BRDA:287,7,0,0
BRDA:287,7,1,0
BRDA:293,8,0,0
BRDA:293,8,1,0
BRDA:460,9,0,0
BRDA:460,9,1,0
BRDA:467,10,0,0
BRDA:467,10,1,0
BRDA:468,11,0,0
BRDA:468,11,1,0
BRDA:474,12,0,0
BRDA:474,12,1,0
BRDA:475,13,0,0
BRDA:475,13,1,0
BRDA:497,14,0,0
BRDA:497,14,1,0
BRDA:502,15,0,0
BRDA:502,15,1,0
BRDA:507,16,0,0
BRDA:507,16,1,0
BRDA:512,17,0,0
BRDA:512,17,1,0
BRDA:516,18,0,0
BRDA:516,18,1,0
BRDA:518,19,0,0
BRDA:518,19,1,0
BRDA:578,20,0,0
BRDA:578,20,1,0
BRF:49
BRH:0
end_of_record
TN:
SF:src\services\collaborativeWorkspaceManager.js
FN:9,(anonymous_0)
FN:23,(anonymous_1)
FN:93,(anonymous_2)
FN:129,(anonymous_3)
FN:189,(anonymous_4)
FN:211,(anonymous_5)
FN:257,(anonymous_6)
FN:371,(anonymous_7)
FN:455,(anonymous_8)
FN:490,(anonymous_9)
FN:524,(anonymous_10)
FN:528,(anonymous_11)
FN:544,(anonymous_12)
FN:567,(anonymous_13)
FN:571,(anonymous_14)
FN:575,(anonymous_15)
FN:579,(anonymous_16)
FN:588,(anonymous_17)
FN:606,(anonymous_18)
FNF:19
FNH:1
FNDA:2,(anonymous_0)
FNDA:0,(anonymous_1)
FNDA:0,(anonymous_2)
FNDA:0,(anonymous_3)
FNDA:0,(anonymous_4)
FNDA:0,(anonymous_5)
FNDA:0,(anonymous_6)
FNDA:0,(anonymous_7)
FNDA:0,(anonymous_8)
FNDA:0,(anonymous_9)
FNDA:0,(anonymous_10)
FNDA:0,(anonymous_11)
FNDA:0,(anonymous_12)
FNDA:0,(anonymous_13)
FNDA:0,(anonymous_14)
FNDA:0,(anonymous_15)
FNDA:0,(anonymous_16)
FNDA:0,(anonymous_17)
FNDA:0,(anonymous_18)
DA:1,2
DA:2,2
DA:10,2
DA:11,2
DA:12,2
DA:13,2
DA:14,2
DA:15,2
DA:24,0
DA:33,0
DA:35,0
DA:36,0
DA:84,0
DA:93,0
DA:94,0
DA:103,0
DA:105,0
DA:112,0
DA:114,0
DA:117,0
DA:118,0
DA:130,0
DA:131,0
DA:132,0
DA:133,0
DA:136,0
DA:137,0
DA:138,0
DA:142,0
DA:143,0
DA:147,0
DA:148,0
DA:160,0
DA:161,0
DA:164,0
DA:167,0
DA:169,0
DA:176,0
DA:179,0
DA:186,0
DA:189,0
DA:198,0
DA:203,0
DA:212,0
DA:213,0
DA:214,0
DA:215,0
DA:218,0
DA:219,0
DA:220,0
DA:223,0
DA:231,0
DA:233,0
DA:239,0
DA:246,0
DA:258,0
DA:259,0
DA:260,0
DA:261,0
DA:264,0
DA:265,0
DA:266,0
DA:274,0
DA:277,0
DA:286,0
DA:296,0
DA:299,0
DA:311,0
DA:312,0
DA:316,0
DA:317,0
DA:320,0
DA:333,0
DA:341,0
DA:348,0
DA:355,0
DA:360,0
DA:372,0
DA:373,0
DA:374,0
DA:375,0
DA:378,0
DA:379,0
DA:380,0
DA:389,0
DA:391,0
DA:392,0
DA:407,0
DA:410,0
DA:411,0
DA:412,0
DA:413,0
DA:418,0
DA:419,0
DA:422,0
DA:428,0
DA:436,0
DA:438,0
DA:441,0
DA:446,0
DA:456,0
DA:457,0
DA:458,0
DA:460,0
DA:462,0
DA:463,0
DA:466,0
DA:477,0
DA:494,0
DA:495,0
DA:497,0
DA:498,0
DA:504,0
DA:509,0
DA:510,0
DA:511,0
DA:512,0
DA:514,0
DA:525,0
DA:526,0
DA:528,0
DA:529,0
DA:530,0
DA:545,0
DA:547,0
DA:568,0
DA:572,0
DA:576,0
DA:580,0
DA:589,0
DA:590,0
DA:592,0
DA:607,0
DA:616,2
LF:134
LH:9
BRDA:29,0,0,0
BRDA:30,1,0,0
BRDA:31,2,0,0
BRDA:32,3,0,0
BRDA:48,4,0,0
BRDA:48,4,1,0
BRDA:49,5,0,0
BRDA:49,5,1,0
BRDA:51,6,0,0
BRDA:51,6,1,0
BRDA:52,7,0,0
BRDA:52,7,1,0
BRDA:96,8,0,0
BRDA:96,8,1,0
BRDA:97,9,0,0
BRDA:97,9,1,0
BRDA:129,10,0,0
BRDA:132,11,0,0
BRDA:132,11,1,0
BRDA:137,12,0,0
BRDA:137,12,1,0
BRDA:142,13,0,0
BRDA:142,13,1,0
BRDA:214,14,0,0
BRDA:214,14,1,0
BRDA:219,15,0,0
BRDA:219,15,1,0
BRDA:260,16,0,0
BRDA:260,16,1,0
BRDA:265,17,0,0
BRDA:265,17,1,0
BRDA:265,18,0,0
BRDA:265,18,1,0
BRDA:272,19,0,0
BRDA:273,20,0,0
BRDA:291,21,0,0
BRDA:291,21,1,0
BRDA:311,22,0,0
BRDA:311,22,1,0
BRDA:374,23,0,0
BRDA:374,23,1,0
BRDA:379,24,0,0
BRDA:379,24,1,0
BRDA:387,25,0,0
BRDA:388,26,0,0
BRDA:410,27,0,0
BRDA:410,27,1,0
BRDA:412,28,0,0
BRDA:412,28,1,0
BRDA:458,29,0,0
BRDA:458,29,1,0
BRDA:497,30,0,0
BRDA:497,30,1,0
BRDA:524,31,0,0
BRDA:524,32,0,0
BRDA:526,33,0,0
BRDA:526,33,1,0
BRDA:529,34,0,0
BRDA:529,34,1,0
BRDA:529,35,0,0
BRDA:529,35,1,0
BRDA:555,36,0,0
BRDA:555,36,1,0
BRDA:590,37,0,0
BRDA:590,37,1,0
BRF:65
BRH:0
end_of_record
TN:
SF:src\services\contractParser.js
FN:5,(anonymous_0)
FN:48,(anonymous_1)
FN:92,(anonymous_2)
FN:100,(anonymous_3)
FN:104,(anonymous_4)
FN:109,(anonymous_5)
FN:114,(anonymous_6)
FN:115,(anonymous_7)
FN:125,(anonymous_8)
FN:128,(anonymous_9)
FN:136,(anonymous_10)
FN:139,(anonymous_11)
FN:148,(anonymous_12)
FN:151,(anonymous_13)
FN:172,(anonymous_14)
FN:177,(anonymous_15)
FN:178,(anonymous_16)
FN:179,(anonymous_17)
FN:205,(anonymous_18)
FN:207,(anonymous_19)
FN:208,(anonymous_20)
FN:224,(anonymous_21)
FN:236,(anonymous_22)
FN:251,(anonymous_23)
FN:269,(anonymous_24)
FN:271,(anonymous_25)
FN:282,(anonymous_26)
FNF:27
FNH:15
FNDA:6,(anonymous_0)
FNDA:1,(anonymous_1)
FNDA:1,(anonymous_2)
FNDA:1,(anonymous_3)
FNDA:0,(anonymous_4)
FNDA:2,(anonymous_5)
FNDA:0,(anonymous_6)
FNDA:0,(anonymous_7)
FNDA:0,(anonymous_8)
FNDA:0,(anonymous_9)
FNDA:0,(anonymous_10)
FNDA:0,(anonymous_11)
FNDA:0,(anonymous_12)
FNDA:0,(anonymous_13)
FNDA:1,(anonymous_14)
FNDA:6,(anonymous_15)
FNDA:21,(anonymous_16)
FNDA:315,(anonymous_17)
FNDA:1,(anonymous_18)
FNDA:15,(anonymous_19)
FNDA:15,(anonymous_20)
FNDA:1,(anonymous_21)
FNDA:7,(anonymous_22)
FNDA:0,(anonymous_23)
FNDA:1,(anonymous_24)
FNDA:0,(anonymous_25)
FNDA:0,(anonymous_26)
DA:1,6
DA:2,6
DA:6,6
DA:49,1
DA:50,1
DA:53,1
DA:54,0
DA:58,1
DA:64,1
DA:67,1
DA:70,1
DA:77,1
DA:78,1
DA:81,0
DA:82,0
DA:93,1
DA:94,1
DA:95,1
DA:96,1
DA:97,1
DA:99,1
DA:101,1
DA:104,0
DA:110,2
DA:114,0
DA:115,0
DA:126,0
DA:128,0
DA:137,0
DA:139,0
DA:149,0
DA:151,0
DA:157,1
DA:173,1
DA:174,1
DA:177,1
DA:178,6
DA:179,21
DA:180,315
DA:181,0
DA:193,1
DA:206,1
DA:207,15
DA:208,15
DA:210,1
DA:225,1
DA:235,1
DA:236,1
DA:237,7
DA:238,7
DA:239,0
DA:243,1
DA:252,0
DA:261,0
DA:270,1
DA:271,1
DA:272,0
DA:274,1
DA:283,0
DA:284,0
DA:285,0
DA:287,0
DA:298,6
LF:63
LH:42
BRDA:53,0,0,0
BRDA:53,0,1,1
BRDA:53,1,0,1
BRDA:53,1,1,1
BRDA:104,2,0,1
BRDA:104,2,1,0
BRDA:111,3,0,2
BRDA:111,3,1,0
BRDA:114,4,0,2
BRDA:114,4,1,0
BRDA:115,5,0,2
BRDA:115,5,1,2
BRDA:128,6,0,0
BRDA:128,6,1,0
BRDA:139,7,0,0
BRDA:139,7,1,0
BRDA:151,8,0,0
BRDA:151,8,1,0
BRDA:180,9,0,0
BRDA:180,9,1,315
BRDA:208,10,0,15
BRDA:208,10,1,14
BRDA:238,11,0,0
BRDA:238,11,1,7
BRDA:261,12,0,0
BRDA:261,12,1,0
BRDA:272,13,0,0
BRDA:272,13,1,0
BRF:28
BRH:12
end_of_record
TN:
SF:src\services\dataPersistenceService.js
FN:17,(anonymous_0)
FN:27,(anonymous_1)
FN:123,(anonymous_2)
FN:169,(anonymous_3)
FN:171,(anonymous_4)
FN:211,(anonymous_5)
FN:234,(anonymous_6)
FN:261,(anonymous_7)
FN:304,(anonymous_8)
FN:348,(anonymous_9)
FN:352,(anonymous_10)
FN:367,(anonymous_11)
FN:377,(anonymous_12)
FN:384,(anonymous_13)
FN:391,(anonymous_14)
FNF:15
FNH:0
FNDA:0,(anonymous_0)
FNDA:0,(anonymous_1)
FNDA:0,(anonymous_2)
FNDA:0,(anonymous_3)
FNDA:0,(anonymous_4)
FNDA:0,(anonymous_5)
FNDA:0,(anonymous_6)
FNDA:0,(anonymous_7)
FNDA:0,(anonymous_8)
FNDA:0,(anonymous_9)
FNDA:0,(anonymous_10)
FNDA:0,(anonymous_11)
FNDA:0,(anonymous_12)
FNDA:0,(anonymous_13)
FNDA:0,(anonymous_14)
DA:8,0
DA:9,0
DA:10,0
DA:18,0
DA:28,0
DA:29,0
DA:30,0
DA:33,0
DA:35,0
DA:40,0
DA:41,0
DA:42,0
DA:50,0
DA:77,0
DA:78,0
DA:86,0
DA:87,0
DA:91,0
DA:92,0
DA:99,0
DA:106,0
DA:109,0
DA:114,0
DA:124,0
DA:125,0
DA:143,0
DA:145,0
DA:152,0
DA:155,0
DA:159,0
DA:170,0
DA:171,0
DA:191,0
DA:193,0
DA:199,0
DA:203,0
DA:212,0
DA:213,0
DA:214,0
DA:215,0
DA:216,0
DA:219,0
DA:235,0
DA:237,0
DA:238,0
DA:247,0
DA:262,0
DA:264,0
DA:265,0
DA:267,0
DA:268,0
DA:269,0
DA:271,0
DA:288,0
DA:291,0
DA:295,0
DA:305,0
DA:307,0
DA:308,0
DA:309,0
DA:311,0
DA:315,0
DA:316,0
DA:318,0
DA:319,0
DA:322,0
DA:337,0
DA:340,0
DA:341,0
DA:349,0
DA:353,0
DA:364,0
DA:368,0
DA:374,0
DA:378,0
DA:379,0
DA:380,0
DA:381,0
DA:385,0
DA:391,0
DA:392,0
DA:393,0
DA:395,0
DA:396,0
DA:398,0
DA:400,0
DA:401,0
DA:403,0
DA:406,0
DA:410,0
LF:90
LH:0
BRDA:27,0,0,0
BRDA:28,1,0,0
BRDA:28,1,1,0
BRDA:35,2,0,0
BRDA:35,2,1,0
BRDA:41,3,0,0
BRDA:41,3,1,0
BRDA:41,4,0,0
BRDA:41,4,1,0
BRDA:51,5,0,0
BRDA:51,5,1,0
BRDA:58,6,0,0
BRDA:58,6,1,0
BRDA:59,7,0,0
BRDA:59,7,1,0
BRDA:60,8,0,0
BRDA:60,8,1,0
BRDA:64,9,0,0
BRDA:64,9,1,0
BRDA:65,10,0,0
BRDA:65,10,1,0
BRDA:66,11,0,0
BRDA:66,11,1,0
BRDA:67,12,0,0
BRDA:67,12,1,0
BRDA:68,13,0,0
BRDA:68,13,1,0
BRDA:70,14,0,0
BRDA:70,14,1,0
BRDA:71,15,0,0
BRDA:71,15,1,0
BRDA:77,16,0,0
BRDA:77,16,1,0
BRDA:77,17,0,0
BRDA:77,17,1,0
BRDA:86,18,0,0
BRDA:86,18,1,0
BRDA:91,19,0,0
BRDA:91,19,1,0
BRDA:95,20,0,0
BRDA:95,20,1,0
BRDA:103,21,0,0
BRDA:103,21,1,0
BRDA:143,22,0,0
BRDA:143,22,1,0
BRDA:147,23,0,0
BRDA:147,23,1,0
BRDA:148,24,0,0
BRDA:148,24,1,0
BRDA:178,25,0,0
BRDA:178,25,1,0
BRDA:178,25,2,0
BRDA:179,26,0,0
BRDA:179,26,1,0
BRDA:182,27,0,0
BRDA:182,27,1,0
BRDA:183,28,0,0
BRDA:183,28,1,0
BRDA:214,29,0,0
BRDA:214,29,1,0
BRDA:234,30,0,0
BRDA:235,31,0,0
BRDA:235,31,1,0
BRDA:261,32,0,0
BRDA:262,33,0,0
BRDA:262,33,1,0
BRDA:265,34,0,0
BRDA:265,35,0,0
BRDA:268,36,0,0
BRDA:268,36,1,0
BRDA:269,37,0,0
BRDA:269,37,1,0
BRDA:304,38,0,0
BRDA:305,39,0,0
BRDA:305,39,1,0
BRDA:308,40,0,0
BRDA:315,41,0,0
BRDA:315,41,1,0
BRDA:318,42,0,0
BRDA:318,42,1,0
BRDA:364,43,0,0
BRDA:364,43,1,0
BRDA:374,44,0,0
BRDA:374,44,1,0
BRDA:378,45,0,0
BRDA:378,45,1,0
BRDA:395,46,0,0
BRDA:395,46,1,0
BRDA:400,47,0,0
BRDA:400,47,1,0
BRF:90
BRH:0
end_of_record
TN:
SF:src\services\defiAnalysisEngine.js
FN:8,(anonymous_0)
FN:17,(anonymous_1)
FN:56,(anonymous_2)
FN:75,(anonymous_3)
FN:127,(anonymous_4)
FN:131,(anonymous_5)
FN:136,(anonymous_6)
FN:142,(anonymous_7)
FN:143,(anonymous_8)
FN:151,(anonymous_9)
FN:152,(anonymous_10)
FN:165,(anonymous_11)
FN:171,(anonymous_12)
FN:184,(anonymous_13)
FN:208,(anonymous_14)
FN:246,(anonymous_15)
FN:274,(anonymous_16)
FN:303,(anonymous_17)
FN:332,(anonymous_18)
FN:373,(anonymous_19)
FN:402,(anonymous_20)
FN:430,(anonymous_21)
FN:456,(anonymous_22)
FN:473,(anonymous_23)
FN:498,(anonymous_24)
FN:517,(anonymous_25)
FN:530,(anonymous_26)
FN:534,(anonymous_27)
FN:553,(anonymous_28)
FN:554,(anonymous_29)
FN:555,(anonymous_30)
FN:556,(anonymous_31)
FN:557,(anonymous_32)
FNF:33
FNH:0
FNDA:0,(anonymous_0)
FNDA:0,(anonymous_1)
FNDA:0,(anonymous_2)
FNDA:0,(anonymous_3)
FNDA:0,(anonymous_4)
FNDA:0,(anonymous_5)
FNDA:0,(anonymous_6)
FNDA:0,(anonymous_7)
FNDA:0,(anonymous_8)
FNDA:0,(anonymous_9)
FNDA:0,(anonymous_10)
FNDA:0,(anonymous_11)
FNDA:0,(anonymous_12)
FNDA:0,(anonymous_13)
FNDA:0,(anonymous_14)
FNDA:0,(anonymous_15)
FNDA:0,(anonymous_16)
FNDA:0,(anonymous_17)
FNDA:0,(anonymous_18)
FNDA:0,(anonymous_19)
FNDA:0,(anonymous_20)
FNDA:0,(anonymous_21)
FNDA:0,(anonymous_22)
FNDA:0,(anonymous_23)
FNDA:0,(anonymous_24)
FNDA:0,(anonymous_25)
FNDA:0,(anonymous_26)
FNDA:0,(anonymous_27)
FNDA:0,(anonymous_28)
FNDA:0,(anonymous_29)
FNDA:0,(anonymous_30)
FNDA:0,(anonymous_31)
FNDA:0,(anonymous_32)
DA:1,0
DA:9,0
DA:10,0
DA:18,0
DA:57,0
DA:76,0
DA:77,0
DA:83,0
DA:86,0
DA:89,0
DA:92,0
DA:95,0
DA:97,0
DA:107,0
DA:113,0
DA:116,0
DA:117,0
DA:128,0
DA:129,0
DA:131,0
DA:132,0
DA:135,0
DA:136,0
DA:137,0
DA:141,0
DA:142,0
DA:143,0
DA:144,0
DA:150,0
DA:151,0
DA:152,0
DA:153,0
DA:158,0
DA:159,0
DA:160,0
DA:165,0
DA:166,0
DA:169,0
DA:171,0
DA:185,0
DA:187,0
DA:188,0
DA:189,0
DA:190,0
DA:191,0
DA:194,0
DA:198,0
DA:209,0
DA:210,0
DA:213,0
DA:214,0
DA:225,0
DA:226,0
DA:236,0
DA:247,0
DA:248,0
DA:251,0
DA:252,0
DA:253,0
DA:264,0
DA:275,0
DA:277,0
DA:278,0
DA:281,0
DA:282,0
DA:293,0
DA:304,0
DA:306,0
DA:307,0
DA:310,0
DA:311,0
DA:322,0
DA:333,0
DA:335,0
DA:336,0
DA:339,0
DA:340,0
DA:351,0
DA:352,0
DA:363,0
DA:374,0
DA:376,0
DA:377,0
DA:380,0
DA:381,0
DA:392,0
DA:403,0
DA:404,0
DA:407,0
DA:408,0
DA:409,0
DA:420,0
DA:431,0
DA:432,0
DA:435,0
DA:436,0
DA:446,0
DA:457,0
DA:474,0
DA:476,0
DA:477,0
DA:480,0
DA:481,0
DA:484,0
DA:485,0
DA:488,0
DA:499,0
DA:502,0
DA:503,0
DA:504,0
DA:507,0
DA:508,0
DA:509,0
DA:513,0
DA:514,0
DA:517,0
DA:518,0
DA:521,0
DA:531,0
DA:534,0
DA:535,0
DA:541,0
DA:545,0
DA:546,0
DA:547,0
DA:549,0
DA:553,0
DA:554,0
DA:555,0
DA:556,0
DA:557,0
DA:560,0
LF:132
LH:0
BRDA:135,0,0,0
BRDA:135,0,1,0
BRDA:137,1,0,0
BRDA:137,1,1,0
BRDA:141,2,0,0
BRDA:141,2,1,0
BRDA:143,3,0,0
BRDA:143,3,1,0
BRDA:150,4,0,0
BRDA:150,4,1,0
BRDA:152,5,0,0
BRDA:152,5,1,0
BRDA:158,6,0,0
BRDA:158,6,1,0
BRDA:166,7,0,0
BRDA:166,7,1,0
BRDA:166,8,0,0
BRDA:166,8,1,0
BRDA:190,9,0,0
BRDA:190,9,1,0
BRDA:190,10,0,0
BRDA:190,10,1,0
BRDA:210,11,0,0
BRDA:210,11,1,0
BRDA:213,12,0,0
BRDA:213,12,1,0
BRDA:213,13,0,0
BRDA:213,13,1,0
BRDA:213,13,2,0
BRDA:225,14,0,0
BRDA:225,14,1,0
BRDA:225,15,0,0
BRDA:225,15,1,0
BRDA:248,16,0,0
BRDA:248,16,1,0
BRDA:251,17,0,0
BRDA:251,17,1,0
BRDA:251,18,0,0
BRDA:251,18,1,0
BRDA:252,19,0,0
BRDA:252,19,1,0
BRDA:252,20,0,0
BRDA:252,20,1,0
BRDA:277,21,0,0
BRDA:277,21,1,0
BRDA:278,22,0,0
BRDA:278,22,1,0
BRDA:281,23,0,0
BRDA:281,23,1,0
BRDA:281,24,0,0
BRDA:281,24,1,0
BRDA:306,25,0,0
BRDA:306,25,1,0
BRDA:307,26,0,0
BRDA:307,26,1,0
BRDA:310,27,0,0
BRDA:310,27,1,0
BRDA:310,28,0,0
BRDA:310,28,1,0
BRDA:335,29,0,0
BRDA:335,29,1,0
BRDA:335,30,0,0
BRDA:335,30,1,0
BRDA:336,31,0,0
BRDA:336,31,1,0
BRDA:339,32,0,0
BRDA:339,32,1,0
BRDA:339,33,0,0
BRDA:339,33,1,0
BRDA:351,34,0,0
BRDA:351,34,1,0
BRDA:351,35,0,0
BRDA:351,35,1,0
BRDA:376,36,0,0
BRDA:376,36,1,0
BRDA:377,37,0,0
BRDA:377,37,1,0
BRDA:380,38,0,0
BRDA:380,38,1,0
BRDA:380,39,0,0
BRDA:380,39,1,0
BRDA:404,40,0,0
BRDA:404,40,1,0
BRDA:407,41,0,0
BRDA:407,41,1,0
BRDA:407,42,0,0
BRDA:407,42,1,0
BRDA:408,43,0,0
BRDA:408,43,1,0
BRDA:408,44,0,0
BRDA:408,44,1,0
BRDA:432,45,0,0
BRDA:432,45,1,0
BRDA:435,46,0,0
BRDA:435,46,1,0
BRDA:435,47,0,0
BRDA:435,47,1,0
BRDA:435,47,2,0
BRDA:476,48,0,0
BRDA:476,48,1,0
BRDA:480,49,0,0
BRDA:480,49,1,0
BRDA:484,50,0,0
BRDA:484,50,1,0
BRDA:502,51,0,0
BRDA:502,51,1,0
BRDA:507,52,0,0
BRDA:507,52,1,0
BRDA:513,53,0,0
BRDA:513,53,1,0
BRDA:517,54,0,0
BRDA:517,54,1,0
BRDA:541,55,0,0
BRDA:541,55,1,0
BRDA:545,56,0,0
BRDA:545,56,1,0
BRDA:546,57,0,0
BRDA:546,57,1,0
BRDA:547,58,0,0
BRDA:547,58,1,0
BRF:120
BRH:0
end_of_record
TN:
SF:src\services\instantFeedbackService.js
FN:12,(anonymous_0)
FN:32,(anonymous_1)
FN:64,(anonymous_2)
FN:105,(anonymous_3)
FN:150,(anonymous_4)
FN:214,(anonymous_5)
FN:265,(anonymous_6)
FN:299,(anonymous_7)
FN:329,(anonymous_8)
FN:406,(anonymous_9)
FN:443,(anonymous_10)
FN:478,(anonymous_11)
FN:535,(anonymous_12)
FN:589,(anonymous_13)
FN:590,(anonymous_14)
FN:598,(anonymous_15)
FN:619,(anonymous_16)
FN:625,(anonymous_17)
FN:630,(anonymous_18)
FN:633,(anonymous_19)
FN:639,(anonymous_20)
FN:640,(anonymous_21)
FN:659,(anonymous_22)
FN:662,(anonymous_23)
FN:672,(anonymous_24)
FN:673,(anonymous_25)
FN:683,(anonymous_26)
FN:697,(anonymous_27)
FN:712,(anonymous_28)
FN:716,(anonymous_29)
FN:720,(anonymous_30)
FN:728,(anonymous_31)
FN:737,(anonymous_32)
FN:757,(anonymous_33)
FN:764,(anonymous_34)
FNF:35
FNH:13
FNDA:3,(anonymous_0)
FNDA:35,(anonymous_1)
FNDA:35,(anonymous_2)
FNDA:3,(anonymous_3)
FNDA:12,(anonymous_4)
FNDA:0,(anonymous_5)
FNDA:0,(anonymous_6)
FNDA:0,(anonymous_7)
FNDA:0,(anonymous_8)
FNDA:0,(anonymous_9)
FNDA:0,(anonymous_10)
FNDA:0,(anonymous_11)
FNDA:0,(anonymous_12)
FNDA:35,(anonymous_13)
FNDA:22,(anonymous_14)
FNDA:22,(anonymous_15)
FNDA:0,(anonymous_16)
FNDA:0,(anonymous_17)
FNDA:0,(anonymous_18)
FNDA:0,(anonymous_19)
FNDA:0,(anonymous_20)
FNDA:0,(anonymous_21)
FNDA:0,(anonymous_22)
FNDA:0,(anonymous_23)
FNDA:0,(anonymous_24)
FNDA:0,(anonymous_25)
FNDA:0,(anonymous_26)
FNDA:12,(anonymous_27)
FNDA:3,(anonymous_28)
FNDA:0,(anonymous_29)
FNDA:0,(anonymous_30)
FNDA:0,(anonymous_31)
FNDA:1,(anonymous_32)
FNDA:6,(anonymous_33)
FNDA:30,(anonymous_34)
DA:1,3
DA:2,3
DA:3,3
DA:4,3
DA:5,3
DA:13,3
DA:14,3
DA:15,3
DA:16,3
DA:17,3
DA:18,3
DA:19,3
DA:20,3
DA:33,35
DA:34,35
DA:46,35
DA:49,35
DA:51,35
DA:54,0
DA:57,0
DA:65,35
DA:106,3
DA:108,3
DA:131,3
DA:133,3
DA:139,3
DA:141,3
DA:151,12
DA:153,12
DA:154,12
DA:155,12
DA:156,12
DA:165,0
DA:168,0
DA:169,0
DA:170,0
DA:172,0
DA:175,0
DA:176,0
DA:178,0
DA:201,0
DA:202,0
DA:206,0
DA:207,0
DA:211,0
DA:214,0
DA:215,0
DA:217,0
DA:227,0
DA:228,0
DA:229,0
DA:230,0
DA:233,0
DA:236,0
DA:238,0
DA:244,0
DA:247,12
DA:248,12
DA:250,12
DA:255,12
DA:266,0
DA:267,0
DA:270,0
DA:272,0
DA:281,0
DA:282,0
DA:300,0
DA:301,0
DA:303,0
DA:312,0
DA:313,0
DA:330,0
DA:331,0
DA:332,0
DA:334,0
DA:336,0
DA:337,0
DA:345,0
DA:346,0
DA:354,0
DA:355,0
DA:363,0
DA:364,0
DA:373,0
DA:374,0
DA:383,0
DA:384,0
DA:393,0
DA:396,0
DA:407,0
DA:414,0
DA:416,0
DA:417,0
DA:421,0
DA:422,0
DA:426,0
DA:427,0
DA:431,0
DA:434,0
DA:444,0
DA:446,0
DA:452,0
DA:461,0
DA:462,0
DA:479,0
DA:480,0
DA:481,0
DA:484,0
DA:485,0
DA:493,0
DA:494,0
DA:502,0
DA:503,0
DA:510,0
DA:518,0
DA:519,0
DA:536,0
DA:537,0
DA:544,0
DA:545,0
DA:548,0
DA:549,0
DA:556,0
DA:557,0
DA:565,0
DA:566,0
DA:573,0
DA:576,0
DA:577,0
DA:590,35
DA:591,22
DA:599,22
DA:600,22
DA:603,0
DA:605,0
DA:606,0
DA:607,0
DA:609,0
DA:611,0
DA:626,0
DA:627,0
DA:629,0
DA:631,0
DA:634,0
DA:640,0
DA:641,0
DA:643,0
DA:650,0
DA:657,0
DA:659,0
DA:663,0
DA:664,0
DA:665,0
DA:666,0
DA:669,0
DA:673,0
DA:674,0
DA:679,0
DA:684,0
DA:685,0
DA:688,0
DA:689,0
DA:692,0
DA:693,0
DA:698,12
DA:700,12
DA:701,0
DA:702,0
DA:703,0
DA:707,12
DA:713,3
DA:717,0
DA:721,0
DA:722,0
DA:723,0
DA:724,0
DA:729,0
DA:730,0
DA:738,1
DA:739,1
DA:740,1
DA:741,1
DA:743,1
DA:749,1
DA:758,6
DA:764,30
DA:770,3
LF:187
LH:51
BRDA:32,0,0,9
BRDA:35,1,0,35
BRDA:35,1,1,16
BRDA:36,2,0,35
BRDA:36,2,1,35
BRDA:41,3,0,35
BRDA:41,3,1,35
BRDA:105,4,0,1
BRDA:114,5,0,3
BRDA:114,5,1,3
BRDA:115,6,0,3
BRDA:115,6,1,3
BRDA:155,7,0,12
BRDA:155,7,1,0
BRDA:163,8,0,0
BRDA:164,9,0,0
BRDA:201,10,0,0
BRDA:201,10,1,0
BRDA:206,11,0,0
BRDA:206,11,1,0
BRDA:206,12,0,0
BRDA:206,12,1,0
BRDA:332,13,0,0
BRDA:332,13,1,0
BRDA:336,14,0,0
BRDA:336,14,1,0
BRDA:345,15,0,0
BRDA:345,15,1,0
BRDA:354,16,0,0
BRDA:354,16,1,0
BRDA:363,17,0,0
BRDA:363,17,1,0
BRDA:373,18,0,0
BRDA:373,18,1,0
BRDA:373,19,0,0
BRDA:373,19,1,0
BRDA:383,20,0,0
BRDA:383,20,1,0
BRDA:383,21,0,0
BRDA:383,21,1,0
BRDA:416,22,0,0
BRDA:416,22,1,0
BRDA:421,23,0,0
BRDA:421,23,1,0
BRDA:426,24,0,0
BRDA:426,24,1,0
BRDA:453,25,0,0
BRDA:453,25,1,0
BRDA:454,26,0,0
BRDA:454,26,1,0
BRDA:455,27,0,0
BRDA:455,27,1,0
BRDA:456,28,0,0
BRDA:456,28,1,0
BRDA:484,29,0,0
BRDA:484,29,1,0
BRDA:493,30,0,0
BRDA:493,30,1,0
BRDA:502,31,0,0
BRDA:502,31,1,0
BRDA:502,32,0,0
BRDA:502,32,1,0
BRDA:545,33,0,0
BRDA:545,33,1,0
BRDA:548,34,0,0
BRDA:548,34,1,0
BRDA:556,35,0,0
BRDA:556,35,1,0
BRDA:565,36,0,0
BRDA:565,36,1,0
BRDA:599,37,0,22
BRDA:599,37,1,0
BRDA:599,38,0,22
BRDA:599,38,1,22
BRDA:641,39,0,0
BRDA:641,39,1,0
BRDA:641,39,2,0
BRDA:665,40,0,0
BRDA:665,40,1,0
BRDA:679,41,0,0
BRDA:679,41,1,0
BRDA:684,42,0,0
BRDA:684,42,1,0
BRDA:692,43,0,0
BRDA:692,43,1,0
BRDA:700,44,0,0
BRDA:700,44,1,12
BRDA:709,45,0,0
BRDA:709,45,1,12
BRDA:722,46,0,0
BRDA:722,46,1,0
BRDA:739,47,0,1
BRDA:739,47,1,0
BRF:93
BRH:19
end_of_record
TN:
SF:src\services\liveVulnerabilityDetector.js
FN:10,(anonymous_0)
FN:29,(anonymous_1)
FN:138,(anonymous_2)
FN:187,(anonymous_3)
FN:202,(anonymous_4)
FN:246,(anonymous_5)
FN:369,(anonymous_6)
FN:372,(anonymous_7)
FN:404,(anonymous_8)
FN:410,(anonymous_9)
FN:438,(anonymous_10)
FN:446,(anonymous_11)
FN:463,(anonymous_12)
FN:495,(anonymous_13)
FN:530,(anonymous_14)
FN:537,(anonymous_15)
FN:538,(anonymous_16)
FN:558,(anonymous_17)
FN:584,(anonymous_18)
FN:606,(anonymous_19)
FN:607,(anonymous_20)
FN:610,(anonymous_21)
FN:615,(anonymous_22)
FN:616,(anonymous_23)
FN:617,(anonymous_24)
FN:621,(anonymous_25)
FN:623,(anonymous_26)
FN:624,(anonymous_27)
FN:625,(anonymous_28)
FN:628,(anonymous_29)
FN:632,(anonymous_30)
FN:636,(anonymous_31)
FN:654,(anonymous_32)
FN:665,(anonymous_33)
FN:669,(anonymous_34)
FN:674,(anonymous_35)
FN:681,(anonymous_36)
FN:699,(anonymous_37)
FN:716,(anonymous_38)
FN:724,(anonymous_39)
FN:740,(anonymous_40)
FN:744,(anonymous_41)
FN:752,(anonymous_42)
FN:772,(anonymous_43)
FNF:44
FNH:8
FNDA:3,(anonymous_0)
FNDA:3,(anonymous_1)
FNDA:3,(anonymous_2)
FNDA:3,(anonymous_3)
FNDA:2,(anonymous_4)
FNDA:0,(anonymous_5)
FNDA:0,(anonymous_6)
FNDA:0,(anonymous_7)
FNDA:0,(anonymous_8)
FNDA:0,(anonymous_9)
FNDA:0,(anonymous_10)
FNDA:0,(anonymous_11)
FNDA:0,(anonymous_12)
FNDA:0,(anonymous_13)
FNDA:0,(anonymous_14)
FNDA:0,(anonymous_15)
FNDA:0,(anonymous_16)
FNDA:0,(anonymous_17)
FNDA:0,(anonymous_18)
FNDA:0,(anonymous_19)
FNDA:0,(anonymous_20)
FNDA:0,(anonymous_21)
FNDA:0,(anonymous_22)
FNDA:0,(anonymous_23)
FNDA:0,(anonymous_24)
FNDA:0,(anonymous_25)
FNDA:0,(anonymous_26)
FNDA:0,(anonymous_27)
FNDA:0,(anonymous_28)
FNDA:0,(anonymous_29)
FNDA:0,(anonymous_30)
FNDA:0,(anonymous_31)
FNDA:0,(anonymous_32)
FNDA:0,(anonymous_33)
FNDA:0,(anonymous_34)
FNDA:0,(anonymous_35)
FNDA:0,(anonymous_36)
FNDA:0,(anonymous_37)
FNDA:0,(anonymous_38)
FNDA:0,(anonymous_39)
FNDA:0,(anonymous_40)
FNDA:2,(anonymous_41)
FNDA:1,(anonymous_42)
FNDA:4,(anonymous_43)
DA:1,3
DA:2,3
DA:3,3
DA:11,3
DA:12,3
DA:13,3
DA:14,3
DA:15,3
DA:16,3
DA:17,3
DA:30,3
DA:139,3
DA:188,3
DA:203,2
DA:205,2
DA:227,2
DA:229,2
DA:235,2
DA:237,2
DA:247,0
DA:249,0
DA:250,0
DA:251,0
DA:252,0
DA:255,0
DA:258,0
DA:259,0
DA:261,0
DA:262,0
DA:265,0
DA:286,0
DA:287,0
DA:288,0
DA:289,0
DA:293,0
DA:294,0
DA:295,0
DA:296,0
DA:300,0
DA:301,0
DA:302,0
DA:303,0
DA:307,0
DA:310,0
DA:313,0
DA:316,0
DA:317,0
DA:318,0
DA:319,0
DA:320,0
DA:321,0
DA:322,0
DA:325,0
DA:333,0
DA:334,0
DA:338,0
DA:344,0
DA:347,0
DA:349,0
DA:350,0
DA:353,0
DA:356,0
DA:360,0
DA:370,0
DA:372,0
DA:373,0
DA:375,0
DA:376,0
DA:377,0
DA:379,0
DA:396,0
DA:405,0
DA:407,0
DA:408,0
DA:409,0
DA:410,0
DA:411,0
DA:423,0
DA:430,0
DA:439,0
DA:440,0
DA:446,0
DA:453,0
DA:454,0
DA:464,0
DA:465,0
DA:468,0
DA:469,0
DA:470,0
DA:472,0
DA:473,0
DA:474,0
DA:481,0
DA:487,0
DA:496,0
DA:499,0
DA:500,0
DA:502,0
DA:503,0
DA:504,0
DA:507,0
DA:508,0
DA:509,0
DA:511,0
DA:512,0
DA:522,0
DA:531,0
DA:534,0
DA:535,0
DA:537,0
DA:538,0
DA:539,0
DA:540,0
DA:550,0
DA:559,0
DA:562,0
DA:563,0
DA:565,0
DA:566,0
DA:567,0
DA:576,0
DA:585,0
DA:588,0
DA:589,0
DA:591,0
DA:592,0
DA:593,0
DA:602,0
DA:607,0
DA:612,0
DA:614,0
DA:615,0
DA:617,0
DA:622,0
DA:623,0
DA:624,0
DA:625,0
DA:627,0
DA:628,0
DA:633,0
DA:634,0
DA:636,0
DA:637,0
DA:639,0
DA:640,0
DA:651,0
DA:655,0
DA:656,0
DA:658,0
DA:659,0
DA:660,0
DA:666,0
DA:670,0
DA:671,0
DA:675,0
DA:676,0
DA:677,0
DA:678,0
DA:683,0
DA:684,0
DA:685,0
DA:687,0
DA:688,0
DA:690,0
DA:691,0
DA:692,0
DA:693,0
DA:696,0
DA:701,0
DA:702,0
DA:705,0
DA:706,0
DA:713,0
DA:718,0
DA:719,0
DA:722,0
DA:723,0
DA:724,0
DA:725,0
DA:726,0
DA:727,0
DA:737,0
DA:741,0
DA:745,2
DA:753,1
DA:754,1
DA:755,1
DA:756,1
DA:758,1
DA:764,1
DA:773,4
DA:783,3
LF:192
LH:28
BRDA:202,0,0,0
BRDA:214,1,0,2
BRDA:214,1,1,0
BRDA:251,2,0,0
BRDA:251,2,1,0
BRDA:255,3,0,0
BRDA:261,4,0,0
BRDA:261,4,1,0
BRDA:261,5,0,0
BRDA:261,5,1,0
BRDA:286,6,0,0
BRDA:286,6,1,0
BRDA:293,7,0,0
BRDA:293,7,1,0
BRDA:300,8,0,0
BRDA:300,8,1,0
BRDA:300,9,0,0
BRDA:300,9,1,0
BRDA:333,10,0,0
BRDA:333,10,1,0
BRDA:349,11,0,0
BRDA:349,11,1,0
BRDA:446,12,0,0
BRDA:446,12,1,0
BRDA:470,13,0,0
BRDA:470,13,1,0
BRDA:470,14,0,0
BRDA:470,14,1,0
BRDA:470,14,2,0
BRDA:473,15,0,0
BRDA:473,15,1,0
BRDA:473,16,0,0
BRDA:473,16,1,0
BRDA:473,16,2,0
BRDA:511,17,0,0
BRDA:511,17,1,0
BRDA:511,18,0,0
BRDA:511,18,1,0
BRDA:511,18,2,0
BRDA:539,19,0,0
BRDA:539,19,1,0
BRDA:607,20,0,0
BRDA:607,20,1,0
BRDA:617,21,0,0
BRDA:617,21,1,0
BRDA:627,22,0,0
BRDA:627,22,1,0
BRDA:637,23,0,0
BRDA:637,23,1,0
BRDA:639,24,0,0
BRDA:639,24,1,0
BRDA:639,25,0,0
BRDA:639,25,1,0
BRDA:674,26,0,0
BRDA:685,27,0,0
BRDA:685,27,1,0
BRDA:690,28,0,0
BRDA:690,28,1,0
BRDA:691,29,0,0
BRDA:691,29,1,0
BRDA:692,30,0,0
BRDA:692,30,1,0
BRDA:726,31,0,0
BRDA:726,31,1,0
BRDA:754,32,0,1
BRDA:754,32,1,0
BRF:66
BRH:2
end_of_record
TN:
SF:src\services\llmService.js
FN:6,(anonymous_0)
FN:89,(anonymous_1)
FN:125,(anonymous_2)
FN:157,(anonymous_3)
FN:178,(anonymous_4)
FN:191,(anonymous_5)
FN:192,(anonymous_6)
FN:217,(anonymous_7)
FN:237,(anonymous_8)
FN:313,(anonymous_9)
FN:350,(anonymous_10)
FN:396,(anonymous_11)
FN:443,(anonymous_12)
FN:489,(anonymous_13)
FN:535,(anonymous_14)
FN:581,(anonymous_15)
FN:628,(anonymous_16)
FN:697,(anonymous_17)
FN:727,(anonymous_18)
FN:777,(anonymous_19)
FN:790,(anonymous_20)
FN:802,(anonymous_21)
FN:815,(anonymous_22)
FN:834,(anonymous_23)
FN:835,(anonymous_24)
FN:836,(anonymous_25)
FN:850,(anonymous_26)
FN:855,(anonymous_27)
FN:914,(anonymous_28)
FN:919,(anonymous_29)
FN:934,(anonymous_30)
FN:957,(anonymous_31)
FN:975,(anonymous_32)
FN:978,(anonymous_33)
FN:979,(anonymous_34)
FN:989,(anonymous_35)
FN:993,(anonymous_36)
FN:1003,(anonymous_37)
FN:1011,(anonymous_38)
FN:1021,(anonymous_39)
FN:1032,(anonymous_40)
FN:1041,(anonymous_41)
FN:1052,(anonymous_42)
FN:1061,(anonymous_43)
FN:1072,(anonymous_44)
FN:1076,(anonymous_45)
FN:1092,(anonymous_46)
FN:1095,(anonymous_47)
FN:1099,(anonymous_48)
FN:1103,(anonymous_49)
FN:1118,(anonymous_50)
FNF:51
FNH:2
FNDA:7,(anonymous_0)
FNDA:0,(anonymous_1)
FNDA:0,(anonymous_2)
FNDA:0,(anonymous_3)
FNDA:0,(anonymous_4)
FNDA:0,(anonymous_5)
FNDA:0,(anonymous_6)
FNDA:0,(anonymous_7)
FNDA:0,(anonymous_8)
FNDA:0,(anonymous_9)
FNDA:0,(anonymous_10)
FNDA:0,(anonymous_11)
FNDA:0,(anonymous_12)
FNDA:0,(anonymous_13)
FNDA:0,(anonymous_14)
FNDA:0,(anonymous_15)
FNDA:15,(anonymous_16)
FNDA:0,(anonymous_17)
FNDA:0,(anonymous_18)
FNDA:0,(anonymous_19)
FNDA:0,(anonymous_20)
FNDA:0,(anonymous_21)
FNDA:0,(anonymous_22)
FNDA:0,(anonymous_23)
FNDA:0,(anonymous_24)
FNDA:0,(anonymous_25)
FNDA:0,(anonymous_26)
FNDA:0,(anonymous_27)
FNDA:0,(anonymous_28)
FNDA:0,(anonymous_29)
FNDA:0,(anonymous_30)
FNDA:0,(anonymous_31)
FNDA:0,(anonymous_32)
FNDA:0,(anonymous_33)
FNDA:0,(anonymous_34)
FNDA:0,(anonymous_35)
FNDA:0,(anonymous_36)
FNDA:0,(anonymous_37)
FNDA:0,(anonymous_38)
FNDA:0,(anonymous_39)
FNDA:0,(anonymous_40)
FNDA:0,(anonymous_41)
FNDA:0,(anonymous_42)
FNDA:0,(anonymous_43)
FNDA:0,(anonymous_44)
FNDA:0,(anonymous_45)
FNDA:0,(anonymous_46)
FNDA:0,(anonymous_47)
FNDA:0,(anonymous_48)
FNDA:0,(anonymous_49)
FNDA:0,(anonymous_50)
DA:1,7
DA:2,7
DA:3,7
DA:7,7
DA:8,7
DA:9,7
DA:10,7
DA:13,7
DA:25,7
DA:76,7
DA:77,0
DA:78,0
DA:90,0
DA:91,0
DA:97,0
DA:100,0
DA:103,0
DA:105,0
DA:111,0
DA:114,0
DA:115,0
DA:126,0
DA:127,0
DA:132,0
DA:134,0
DA:136,0
DA:138,0
DA:143,0
DA:146,0
DA:147,0
DA:158,0
DA:161,0
DA:164,0
DA:165,0
DA:168,0
DA:169,0
DA:172,0
DA:173,0
DA:177,0
DA:178,0
DA:181,0
DA:192,0
DA:193,0
DA:194,0
DA:195,0
DA:196,0
DA:198,0
DA:205,0
DA:206,0
DA:215,0
DA:217,0
DA:218,0
DA:219,0
DA:221,0
DA:238,0
DA:303,0
DA:314,0
DA:327,0
DA:329,0
DA:331,0
DA:333,0
DA:335,0
DA:337,0
DA:339,0
DA:341,0
DA:351,0
DA:397,0
DA:444,0
DA:490,0
DA:536,0
DA:582,0
DA:629,15
DA:630,15
DA:631,15
DA:633,15
DA:639,15
DA:668,13
DA:669,0
DA:672,13
DA:675,2
DA:676,1
DA:680,1
DA:681,1
DA:682,0
DA:683,0
DA:685,1
DA:686,1
DA:698,0
DA:700,0
DA:703,0
DA:706,0
DA:707,0
DA:708,0
DA:711,0
DA:714,0
DA:715,0
DA:718,0
DA:719,0
DA:722,0
DA:723,0
DA:727,0
DA:739,0
DA:747,0
DA:753,0
DA:778,0
DA:779,0
DA:782,0
DA:789,0
DA:790,0
DA:791,0
DA:794,0
DA:803,0
DA:804,0
DA:805,0
DA:806,0
DA:816,0
DA:818,0
DA:820,0
DA:825,0
DA:835,0
DA:836,0
DA:838,0
DA:839,0
DA:843,0
DA:844,0
DA:845,0
DA:846,0
DA:847,0
DA:848,0
DA:850,0
DA:851,0
DA:854,0
DA:855,0
DA:856,0
DA:865,0
DA:866,0
DA:873,0
DA:874,0
DA:878,0
DA:879,0
DA:883,0
DA:884,0
DA:888,0
DA:889,0
DA:894,0
DA:897,0
DA:900,0
DA:902,0
DA:914,0
DA:919,0
DA:935,0
DA:945,0
DA:946,0
DA:949,0
DA:958,0
DA:967,0
DA:976,0
DA:978,0
DA:979,0
DA:981,0
DA:990,0
DA:991,0
DA:993,0
DA:994,0
DA:995,0
DA:996,0
DA:997,0
DA:1002,0
DA:1003,0
DA:1012,0
DA:1018,0
DA:1019,0
DA:1021,0
DA:1022,0
DA:1033,0
DA:1038,0
DA:1039,0
DA:1041,0
DA:1042,0
DA:1053,0
DA:1058,0
DA:1059,0
DA:1061,0
DA:1062,0
DA:1073,0
DA:1074,0
DA:1076,0
DA:1077,0
DA:1078,0
DA:1079,0
DA:1080,0
DA:1084,0
DA:1093,0
DA:1095,0
DA:1096,0
DA:1099,0
DA:1100,0
DA:1103,0
DA:1104,0
DA:1107,0
DA:1108,0
DA:1111,0
DA:1119,0
DA:1129,7
LF:204
LH:24
BRDA:8,0,0,7
BRDA:8,0,1,7
BRDA:9,1,0,7
BRDA:9,1,1,7
BRDA:10,2,0,7
BRDA:10,2,1,7
BRDA:14,3,0,7
BRDA:14,3,1,7
BRDA:15,4,0,7
BRDA:15,4,1,7
BRDA:16,5,0,7
BRDA:16,5,1,7
BRDA:17,6,0,7
BRDA:17,6,1,7
BRDA:18,7,0,7
BRDA:18,7,1,7
BRDA:19,8,0,7
BRDA:19,8,1,7
BRDA:20,9,0,7
BRDA:20,9,1,7
BRDA:21,10,0,7
BRDA:21,10,1,7
BRDA:76,11,0,0
BRDA:76,11,1,7
BRDA:89,12,0,0
BRDA:89,13,0,0
BRDA:107,14,0,0
BRDA:107,14,1,0
BRDA:125,15,0,0
BRDA:139,16,0,0
BRDA:139,16,1,0
BRDA:164,17,0,0
BRDA:164,17,1,0
BRDA:168,18,0,0
BRDA:168,18,1,0
BRDA:172,19,0,0
BRDA:172,19,1,0
BRDA:177,20,0,0
BRDA:177,20,1,0
BRDA:177,21,0,0
BRDA:177,21,1,0
BRDA:218,22,0,0
BRDA:218,22,1,0
BRDA:224,23,0,0
BRDA:224,23,1,0
BRDA:279,24,0,0
BRDA:279,24,1,0
BRDA:280,25,0,0
BRDA:280,25,1,0
BRDA:281,26,0,0
BRDA:281,26,1,0
BRDA:282,27,0,0
BRDA:282,27,1,0
BRDA:316,28,0,0
BRDA:316,28,1,0
BRDA:317,29,0,0
BRDA:317,29,1,0
BRDA:318,30,0,0
BRDA:318,30,1,0
BRDA:319,31,0,0
BRDA:319,31,1,0
BRDA:320,32,0,0
BRDA:320,32,1,0
BRDA:327,33,0,0
BRDA:327,33,1,0
BRDA:327,33,2,0
BRDA:327,33,3,0
BRDA:327,33,4,0
BRDA:327,33,5,0
BRDA:327,33,6,0
BRDA:628,34,0,0
BRDA:630,35,0,15
BRDA:630,35,1,0
BRDA:631,36,0,15
BRDA:631,36,1,0
BRDA:668,37,0,0
BRDA:668,37,1,13
BRDA:675,38,0,1
BRDA:675,38,1,1
BRDA:680,39,0,1
BRDA:680,39,1,1
BRDA:681,40,0,0
BRDA:681,40,1,1
BRDA:697,41,0,0
BRDA:707,42,0,0
BRDA:707,42,1,0
BRDA:714,43,0,0
BRDA:714,43,1,0
BRDA:714,44,0,0
BRDA:714,44,1,0
BRDA:718,45,0,0
BRDA:718,45,1,0
BRDA:722,46,0,0
BRDA:722,46,1,0
BRDA:728,47,0,0
BRDA:728,47,1,0
BRDA:729,48,0,0
BRDA:729,48,1,0
BRDA:730,49,0,0
BRDA:730,49,1,0
BRDA:731,50,0,0
BRDA:731,50,1,0
BRDA:732,51,0,0
BRDA:732,51,1,0
BRDA:733,52,0,0
BRDA:733,52,1,0
BRDA:734,53,0,0
BRDA:734,53,1,0
BRDA:735,54,0,0
BRDA:735,54,1,0
BRDA:736,55,0,0
BRDA:736,55,1,0
BRDA:742,56,0,0
BRDA:742,56,1,0
BRDA:778,57,0,0
BRDA:778,57,1,0
BRDA:778,58,0,0
BRDA:778,58,1,0
BRDA:791,59,0,0
BRDA:791,59,1,0
BRDA:803,60,0,0
BRDA:803,60,1,0
BRDA:804,61,0,0
BRDA:804,61,1,0
BRDA:805,62,0,0
BRDA:805,62,1,0
BRDA:815,63,0,0
BRDA:838,64,0,0
BRDA:838,64,1,0
BRDA:854,65,0,0
BRDA:854,65,1,0
BRDA:865,66,0,0
BRDA:865,66,1,0
BRDA:873,67,0,0
BRDA:873,67,1,0
BRDA:878,68,0,0
BRDA:878,68,1,0
BRDA:883,69,0,0
BRDA:883,69,1,0
BRDA:888,70,0,0
BRDA:888,70,1,0
BRDA:917,71,0,0
BRDA:917,71,1,0
BRDA:945,72,0,0
BRDA:945,72,1,0
BRDA:945,73,0,0
BRDA:945,73,1,0
BRDA:967,74,0,0
BRDA:967,74,1,0
BRDA:976,75,0,0
BRDA:976,75,1,0
BRDA:995,76,0,0
BRDA:995,76,1,0
BRDA:1018,77,0,0
BRDA:1018,77,1,0
BRDA:1019,78,0,0
BRDA:1019,78,1,0
BRDA:1022,79,0,0
BRDA:1022,79,1,0
BRDA:1038,80,0,0
BRDA:1038,80,1,0
BRDA:1039,81,0,0
BRDA:1039,81,1,0
BRDA:1042,82,0,0
BRDA:1042,82,1,0
BRDA:1058,83,0,0
BRDA:1058,83,1,0
BRDA:1059,84,0,0
BRDA:1059,84,1,0
BRDA:1062,85,0,0
BRDA:1062,85,1,0
BRDA:1078,86,0,0
BRDA:1078,86,1,0
BRDA:1095,87,0,0
BRDA:1095,87,1,0
BRDA:1099,88,0,0
BRDA:1099,88,1,0
BRDA:1103,89,0,0
BRDA:1103,89,1,0
BRDA:1107,90,0,0
BRDA:1107,90,1,0
BRF:181
BRH:31
end_of_record
TN:
SF:src\services\multiChainWeb3Service.js
FN:10,(anonymous_0)
FN:22,(anonymous_1)
FN:120,(anonymous_2)
FN:121,(anonymous_3)
FN:137,(anonymous_4)
FN:138,(anonymous_5)
FN:154,(anonymous_6)
FN:221,(anonymous_7)
FN:263,(anonymous_8)
FN:296,(anonymous_9)
FN:305,(anonymous_10)
FN:341,(anonymous_11)
FN:349,(anonymous_12)
FN:359,(anonymous_13)
FN:411,(anonymous_14)
FN:436,(anonymous_15)
FN:465,(anonymous_16)
FN:481,(anonymous_17)
FN:489,(anonymous_18)
FN:497,(anonymous_19)
FN:507,(anonymous_20)
FN:516,(anonymous_21)
FN:523,(anonymous_22)
FN:524,(anonymous_23)
FN:530,(anonymous_24)
FN:543,(anonymous_25)
FNF:26
FNH:6
FNDA:2,(anonymous_0)
FNDA:2,(anonymous_1)
FNDA:2,(anonymous_2)
FNDA:18,(anonymous_3)
FNDA:2,(anonymous_4)
FNDA:18,(anonymous_5)
FNDA:0,(anonymous_6)
FNDA:0,(anonymous_7)
FNDA:0,(anonymous_8)
FNDA:0,(anonymous_9)
FNDA:0,(anonymous_10)
FNDA:0,(anonymous_11)
FNDA:0,(anonymous_12)
FNDA:0,(anonymous_13)
FNDA:0,(anonymous_14)
FNDA:0,(anonymous_15)
FNDA:0,(anonymous_16)
FNDA:0,(anonymous_17)
FNDA:0,(anonymous_18)
FNDA:0,(anonymous_19)
FNDA:0,(anonymous_20)
FNDA:0,(anonymous_21)
FNDA:0,(anonymous_22)
FNDA:0,(anonymous_23)
FNDA:0,(anonymous_24)
FNDA:0,(anonymous_25)
DA:1,2
DA:2,2
DA:3,2
DA:11,2
DA:12,2
DA:13,2
DA:14,2
DA:15,2
DA:23,2
DA:121,2
DA:122,18
DA:123,18
DA:124,18
DA:126,0
DA:138,2
DA:139,18
DA:140,0
DA:155,0
DA:156,0
DA:159,0
DA:160,0
DA:164,0
DA:165,0
DA:168,0
DA:169,0
DA:172,0
DA:177,0
DA:178,0
DA:182,0
DA:185,0
[...]
FNDA:4,(anonymous_31)
DA:1,3
DA:2,3
DA:10,3
DA:11,3
DA:12,3
DA:13,3
DA:21,3
DA:112,3
DA:133,0
DA:134,0
DA:135,0
DA:137,0
DA:138,0
DA:141,0
DA:157,0
DA:160,0
DA:163,0
DA:166,0
DA:169,0
DA:172,0
DA:175,0
DA:180,0
DA:187,0
DA:190,0
DA:195,0
DA:220,0
DA:221,0
DA:223,0
DA:224,0
DA:225,0
DA:236,0
DA:237,0
DA:238,0
DA:250,0
DA:267,0
DA:269,0
DA:270,0
DA:272,0
DA:273,0
DA:274,0
DA:276,0
DA:278,0
DA:279,0
DA:280,0
DA:281,0
DA:283,0
DA:303,0
DA:304,0
DA:306,0
DA:307,0
DA:318,0
DA:319,0
DA:321,0
DA:322,0
DA:323,0
DA:333,0
DA:334,0
DA:346,0
DA:347,0
DA:348,0
DA:349,0
DA:368,0
DA:395,0
DA:396,0
DA:397,0
DA:398,0
DA:399,0
DA:401,0
DA:420,0
DA:421,0
DA:424,0
DA:425,0
DA:426,0
DA:427,0
DA:428,0
DA:439,0
DA:440,0
DA:441,0
DA:443,0
DA:444,0
DA:445,0
DA:446,0
DA:447,0
DA:448,0
DA:449,0
DA:450,0
DA:451,0
DA:463,0
DA:464,0
DA:473,0
DA:483,0
DA:484,0
DA:485,0
DA:487,0
DA:488,0
DA:489,0
DA:490,0
DA:491,0
DA:492,0
DA:493,0
DA:494,0
DA:495,0
DA:507,0
DA:508,0
DA:517,0
DA:527,0
DA:528,0
DA:529,0
DA:531,0
DA:532,0
DA:533,0
DA:536,0
DA:537,0
DA:547,0
DA:548,0
DA:558,0
DA:568,0
DA:569,0
DA:570,0
DA:572,0
DA:573,0
DA:574,0
DA:577,0
DA:578,0
DA:580,0
DA:581,0
DA:591,0
DA:601,0
DA:604,0
DA:605,0
DA:607,0
DA:608,0
DA:609,0
DA:611,0
DA:612,0
DA:613,0
DA:620,0
DA:624,0
DA:629,0
DA:632,0
DA:636,0
DA:640,0
DA:641,0
DA:645,0
DA:646,0
DA:649,0
DA:650,0
DA:656,0
DA:660,0
DA:661,0
DA:664,0
DA:665,0
DA:676,0
DA:680,0
DA:681,0
DA:684,0
DA:685,0
DA:692,0
DA:696,0
DA:703,0
DA:711,4
DA:719,3
LF:162
LH:10
BRDA:132,0,0,0
BRDA:137,1,0,0
BRDA:137,1,1,0
BRDA:137,2,0,0
BRDA:137,2,1,0
BRDA:223,3,0,0
BRDA:223,3,1,0
BRDA:223,4,0,0
BRDA:223,4,1,0
BRDA:226,5,0,0
BRDA:226,5,1,0
BRDA:227,6,0,0
BRDA:227,6,1,0
BRDA:231,7,0,0
BRDA:231,7,1,0
BRDA:236,8,0,0
BRDA:236,8,1,0
BRDA:236,9,0,0
BRDA:236,9,1,0
BRDA:239,10,0,0
BRDA:239,10,1,0
BRDA:240,11,0,0
BRDA:240,11,1,0
BRDA:244,12,0,0
BRDA:244,12,1,0
BRDA:270,13,0,0
BRDA:270,13,1,0
BRDA:276,14,0,0
BRDA:276,14,1,0
BRDA:306,15,0,0
BRDA:306,15,1,0
BRDA:322,16,0,0
BRDA:322,16,1,0
BRDA:333,17,0,0
BRDA:333,17,1,0
BRDA:333,18,0,0
BRDA:333,18,1,0
BRDA:348,19,0,0
BRDA:348,19,1,0
BRDA:401,20,0,0
BRDA:401,20,1,0
BRDA:402,21,0,0
BRDA:402,21,1,0
BRDA:428,22,0,0
BRDA:428,22,1,0
BRDA:446,23,0,0
BRDA:446,23,1,0
BRDA:448,24,0,0
BRDA:448,24,1,0
BRDA:450,25,0,0
BRDA:450,25,1,0
BRDA:463,26,0,0
BRDA:463,26,1,0
BRDA:490,27,0,0
BRDA:490,27,1,0
BRDA:492,28,0,0
BRDA:492,28,1,0
BRDA:494,29,0,0
BRDA:494,29,1,0
BRDA:507,30,0,0
BRDA:507,30,1,0
BRDA:536,31,0,0
BRDA:536,31,1,0
BRDA:547,32,0,0
BRDA:547,32,1,0
BRDA:547,33,0,0
BRDA:547,33,1,0
BRDA:580,34,0,0
BRDA:580,34,1,0
BRDA:580,35,0,0
BRDA:580,35,1,0
BRDA:604,36,0,0
BRDA:604,36,1,0
BRDA:607,37,0,0
BRDA:607,37,1,0
BRDA:607,38,0,0
BRDA:607,38,1,0
BRDA:629,39,0,0
BRDA:629,39,1,0
BRDA:630,40,0,0
BRDA:630,40,1,0
BRDA:686,41,0,0
BRDA:686,41,1,0
BRF:83
BRH:0
end_of_record
TN:
SF:src\services\teamCollaborationService.js
FN:11,(anonymous_0)
FN:26,(anonymous_1)
FN:58,(anonymous_2)
FN:120,(anonymous_3)
FN:182,(anonymous_4)
FN:238,(anonymous_5)
FN:332,(anonymous_6)
FN:401,(anonymous_7)
FN:425,(anonymous_8)
FN:476,(anonymous_9)
FN:535,(anonymous_10)
FN:541,(anonymous_11)
FN:583,(anonymous_12)
FN:622,(anonymous_13)
FN:630,(anonymous_14)
FN:636,(anonymous_15)
FN:684,(anonymous_16)
FN:691,(anonymous_17)
FN:692,(anonymous_18)
FN:693,(anonymous_19)
FN:704,(anonymous_20)
FN:704,(anonymous_21)
FN:705,(anonymous_22)
FN:705,(anonymous_23)
FN:706,(anonymous_24)
FN:706,(anonymous_25)
FN:709,(anonymous_26)
FN:710,(anonymous_27)
FN:711,(anonymous_28)
FN:738,(anonymous_29)
FN:740,(anonymous_30)
FN:773,(anonymous_31)
FN:869,(anonymous_32)
FN:887,(anonymous_33)
FN:890,(anonymous_34)
FN:893,(anonymous_35)
FN:933,(anonymous_36)
FN:937,(anonymous_37)
FN:947,(anonymous_38)
FN:952,(anonymous_39)
FN:955,(anonymous_40)
FN:968,(anonymous_41)
FN:1009,(anonymous_42)
FN:1013,(anonymous_43)
FN:1017,(anonymous_44)
FN:1021,(anonymous_45)
FN:1025,(anonymous_46)
FN:1027,(anonymous_47)
FN:1032,(anonymous_48)
FN:1035,(anonymous_49)
FN:1042,(anonymous_50)
FN:1043,(anonymous_51)
FN:1044,(anonymous_52)
FN:1052,(anonymous_53)
FN:1055,(anonymous_54)
FN:1059,(anonymous_55)
FN:1065,(anonymous_56)
FN:1067,(anonymous_57)
FN:1073,(anonymous_58)
FN:1074,(anonymous_59)
FN:1076,(anonymous_60)
FN:1083,(anonymous_61)
FN:1092,(anonymous_62)
FN:1099,(anonymous_63)
FN:1105,(anonymous_64)
FN:1118,(anonymous_65)
FN:1119,(anonymous_66)
FN:1120,(anonymous_67)
FN:1136,(anonymous_68)
FN:1139,(anonymous_69)
FN:1141,(anonymous_70)
FN:1148,(anonymous_71)
FN:1149,(anonymous_72)
FN:1150,(anonymous_73)
FN:1153,(anonymous_74)
FN:1154,(anonymous_75)
FN:1156,(anonymous_76)
FN:1157,(anonymous_77)
FN:1171,(anonymous_78)
FN:1182,(anonymous_79)
FN:1186,(anonymous_80)
FN:1196,(anonymous_81)
FN:1197,(anonymous_82)
FN:1205,(anonymous_83)
FN:1206,(anonymous_84)
FN:1214,(anonymous_85)
FN:1221,(anonymous_86)
FN:1229,(anonymous_87)
FNF:88
FNH:71
FNDA:1,(anonymous_0)
FNDA:23,(anonymous_1)
FNDA:23,(anonymous_2)
FNDA:14,(anonymous_3)
FNDA:13,(anonymous_4)
FNDA:4,(anonymous_5)
FNDA:4,(anonymous_6)
FNDA:3,(anonymous_7)
FNDA:3,(anonymous_8)
FNDA:3,(anonymous_9)
FNDA:0,(anonymous_10)
FNDA:0,(anonymous_11)
FNDA:1,(anonymous_12)
FNDA:1,(anonymous_13)
FNDA:1,(anonymous_14)
FNDA:1,(anonymous_15)
FNDA:1,(anonymous_16)
FNDA:1,(anonymous_17)
FNDA:1,(anonymous_18)
FNDA:1,(anonymous_19)
FNDA:1,(anonymous_20)
FNDA:1,(anonymous_21)
FNDA:1,(anonymous_22)
FNDA:1,(anonymous_23)
FNDA:1,(anonymous_24)
FNDA:1,(anonymous_25)
FNDA:0,(anonymous_26)
FNDA:0,(anonymous_27)
FNDA:0,(anonymous_28)
FNDA:1,(anonymous_29)
FNDA:2,(anonymous_30)
FNDA:2,(anonymous_31)
FNDA:2,(anonymous_32)
FNDA:3,(anonymous_33)
FNDA:3,(anonymous_34)
FNDA:3,(anonymous_35)
FNDA:4,(anonymous_36)
FNDA:3,(anonymous_37)
FNDA:0,(anonymous_38)
FNDA:0,(anonymous_39)
FNDA:0,(anonymous_40)
FNDA:6,(anonymous_41)
FNDA:14,(anonymous_42)
FNDA:2,(anonymous_43)
FNDA:4,(anonymous_44)
FNDA:0,(anonymous_45)
FNDA:4,(anonymous_46)
FNDA:4,(anonymous_47)
FNDA:5,(anonymous_48)
FNDA:40,(anonymous_49)
FNDA:0,(anonymous_50)
FNDA:0,(anonymous_51)
FNDA:0,(anonymous_52)
FNDA:6,(anonymous_53)
FNDA:6,(anonymous_54)
FNDA:2,(anonymous_55)
FNDA:2,(anonymous_56)
FNDA:3,(anonymous_57)
FNDA:2,(anonymous_58)
FNDA:3,(anonymous_59)
FNDA:1,(anonymous_60)
FNDA:2,(anonymous_61)
FNDA:3,(anonymous_62)
FNDA:2,(anonymous_63)
FNDA:1,(anonymous_64)
FNDA:2,(anonymous_65)
FNDA:3,(anonymous_66)
FNDA:3,(anonymous_67)
FNDA:2,(anonymous_68)
FNDA:3,(anonymous_69)
FNDA:2,(anonymous_70)
FNDA:1,(anonymous_71)
FNDA:1,(anonymous_72)
FNDA:0,(anonymous_73)
FNDA:2,(anonymous_74)
FNDA:3,(anonymous_75)
FNDA:2,(anonymous_76)
FNDA:2,(anonymous_77)
FNDA:17,(anonymous_78)
FNDA:11,(anonymous_79)
FNDA:26,(anonymous_80)
FNDA:23,(anonymous_81)
FNDA:0,(anonymous_82)
FNDA:23,(anonymous_83)
FNDA:0,(anonymous_84)
FNDA:0,(anonymous_85)
FNDA:0,(anonymous_86)
FNDA:3,(anonymous_87)
DA:1,1
DA:2,1
DA:3,1
DA:4,1
DA:12,1
DA:13,1
DA:14,1
DA:15,1
DA:16,1
DA:17,1
DA:18,1
DA:19,1
DA:27,23
DA:28,23
DA:39,23
DA:42,23
DA:43,23
DA:45,23
DA:48,0
DA:51,0
DA:59,23
DA:121,14
DA:130,14
DA:132,14
DA:133,14
DA:172,14
DA:182,14
DA:183,13
DA:193,13
DA:201,14
DA:204,14
DA:212,14
DA:214,14
DA:221,14
DA:223,12
DA:226,2
DA:227,2
DA:239,4
DA:240,4
DA:241,4
DA:242,1
DA:245,3
DA:246,3
DA:247,1
DA:250,2
DA:251,2
DA:283,2
DA:286,2
DA:290,2
DA:293,2
DA:296,2
DA:304,2
DA:311,2
DA:313,2
DA:316,2
DA:321,2
DA:333,4
DA:334,4
DA:335,4
DA:336,0
DA:339,4
DA:340,4
DA:341,0
DA:352,4
DA:354,4
DA:355,4
DA:394,4
DA:401,4
DA:402,3
DA:413,4
DA:414,4
DA:415,4
DA:416,4
DA:418,4
DA:419,4
DA:422,4
DA:425,4
DA:426,3
DA:438,4
DA:447,4
DA:455,4
DA:457,4
DA:460,0
DA:465,0
DA:477,3
DA:478,3
DA:479,3
DA:480,1
DA:483,2
DA:484,2
DA:486,2
DA:487,2
DA:497,0
DA:499,0
DA:500,0
DA:517,0
DA:520,0
DA:521,0
DA:522,0
DA:526,0
DA:534,0
DA:535,0
DA:536,0
DA:537,0
DA:541,0
DA:542,0
DA:554,0
DA:562,0
DA:564,0
DA:567,3
DA:572,3
DA:584,1
DA:585,1
DA:586,1
DA:587,0
DA:590,1
DA:591,1
DA:592,0
DA:601,1
DA:604,1
DA:605,1
DA:606,1
DA:607,1
DA:608,1
DA:609,1
DA:610,1
DA:613,1
DA:621,1
DA:622,1
DA:624,1
DA:625,1
DA:629,1
DA:630,1
DA:631,1
DA:632,0
DA:636,1
DA:637,1
DA:648,1
DA:656,1
DA:663,1
DA:671,0
DA:676,0
DA:685,1
DA:686,1
DA:687,1
DA:690,1
DA:691,1
DA:692,1
DA:693,1
DA:696,1
DA:699,1
DA:700,1
DA:701,1
DA:704,1
DA:705,1
DA:706,1
DA:708,1
DA:709,0
DA:710,0
DA:711,0
DA:715,1
DA:728,1
DA:729,1
DA:730,1
DA:731,1
DA:732,1
DA:737,1
DA:738,1
DA:740,1
DA:741,2
DA:753,1
DA:761,1
DA:764,0
DA:774,2
DA:775,2
DA:776,2
DA:778,2
DA:779,2
DA:781,2
DA:782,3
DA:783,3
DA:786,3
DA:787,3
DA:790,3
DA:801,3
DA:808,3
DA:811,3
DA:823,0
DA:832,2
DA:835,2
DA:836,2
DA:839,2
DA:848,2
DA:851,2
DA:858,2
DA:861,0
DA:870,2
DA:871,2
DA:872,2
DA:874,2
DA:876,2
DA:877,0
DA:883,0
DA:887,2
DA:888,3
DA:890,2
DA:891,3
DA:893,3
DA:894,2
DA:897,2
DA:900,2
DA:902,2
DA:914,2
DA:915,2
DA:918,0
DA:934,4
DA:937,4
DA:938,3
DA:939,3
DA:940,3
DA:945,4
DA:946,0
DA:948,0
DA:952,0
DA:954,0
DA:955,0
DA:956,0
DA:960,4
DA:969,6
DA:971,6
DA:973,6
DA:974,0
DA:983,6
DA:989,5
DA:998,6
DA:999,6
DA:1010,14
DA:1014,2
DA:1018,4
DA:1022,0
DA:1027,4
DA:1028,4
DA:1034,5
DA:1035,5
DA:1036,40
DA:1037,35
DA:1038,35
DA:1043,0
DA:1044,0
DA:1046,0
DA:1047,0
DA:1048,0
DA:1049,0
DA:1054,6
DA:1055,6
DA:1060,2
DA:1061,2
DA:1062,1
DA:1066,2
DA:1067,2
DA:1068,3
DA:1070,2
DA:1074,3
DA:1075,2
DA:1077,1
DA:1078,1
DA:1084,2
DA:1091,2
DA:1092,2
DA:1093,3
DA:1096,2
DA:1100,2
DA:1103,2
DA:1105,2
DA:1106,1
DA:1115,2
DA:1119,3
DA:1120,2
DA:1121,3
DA:1123,2
DA:1137,2
DA:1139,2
DA:1140,3
DA:1141,3
DA:1142,2
DA:1143,2
DA:1147,2
DA:1148,1
DA:1149,1
DA:1150,0
DA:1154,2
DA:1155,3
DA:1156,2
DA:1157,2
DA:1173,17
DA:1183,11
DA:1184,11
DA:1186,11
DA:1187,26
DA:1188,11
DA:1197,23
DA:1198,0
DA:1206,23
DA:1207,0
DA:1230,3
DA:1240,1
LF:306
LH:252
BRDA:26,0,0,22
BRDA:29,1,0,23
BRDA:29,1,1,22
BRDA:30,2,0,23
BRDA:30,2,1,23
BRDA:34,3,0,23
BRDA:34,3,1,23
BRDA:126,4,0,13
BRDA:127,5,0,13
BRDA:128,6,0,6
BRDA:129,7,0,14
BRDA:162,8,0,14
BRDA:162,8,1,14
BRDA:163,9,0,14
BRDA:163,9,1,14
BRDA:165,10,0,14
BRDA:165,10,1,14
BRDA:166,11,0,14
BRDA:166,11,1,14
BRDA:185,12,0,13
BRDA:185,12,1,0
BRDA:187,13,0,13
BRDA:187,13,1,0
BRDA:196,14,0,13
BRDA:196,14,1,0
BRDA:241,15,0,1
BRDA:241,15,1,3
BRDA:246,16,0,1
BRDA:246,16,1,2
BRDA:246,17,0,3
BRDA:246,17,1,2
BRDA:259,18,0,2
BRDA:259,18,1,0
BRDA:261,19,0,2
BRDA:261,19,1,1
BRDA:262,20,0,2
BRDA:262,20,1,0
BRDA:286,21,0,1
BRDA:286,21,1,1
BRDA:335,22,0,0
BRDA:335,22,1,4
BRDA:340,23,0,0
BRDA:340,23,1,4
BRDA:340,24,0,4
BRDA:340,24,1,4
BRDA:349,25,0,3
BRDA:350,26,0,1
BRDA:351,27,0,4
BRDA:479,28,0,1
BRDA:479,28,1,2
BRDA:486,29,0,2
BRDA:486,29,1,0
BRDA:486,30,0,2
BRDA:486,30,1,1
BRDA:494,31,0,0
BRDA:495,32,0,0
BRDA:496,33,0,0
BRDA:521,34,0,0
BRDA:521,34,1,0
BRDA:536,35,0,0
BRDA:536,35,1,0
BRDA:586,36,0,0
BRDA:586,36,1,1
BRDA:591,37,0,0
BRDA:591,37,1,1
BRDA:598,38,0,0
BRDA:599,39,0,0
BRDA:600,40,0,0
BRDA:624,41,0,1
BRDA:624,41,1,0
BRDA:631,42,0,0
BRDA:631,42,1,1
BRDA:687,43,0,0
BRDA:687,43,1,1
BRDA:696,44,0,0
BRDA:696,44,1,1
BRDA:697,45,0,1
BRDA:697,45,1,0
BRDA:709,46,0,1
BRDA:709,46,1,0
BRDA:710,47,0,1
BRDA:710,47,1,0
BRDA:711,48,0,1
BRDA:711,48,1,0
BRDA:729,49,0,1
BRDA:729,49,1,0
BRDA:776,50,0,0
BRDA:776,50,1,2
BRDA:779,51,0,0
BRDA:779,51,1,2
BRDA:787,52,0,0
BRDA:787,52,1,3
BRDA:791,53,0,3
BRDA:791,53,1,0
BRDA:843,54,0,2
BRDA:843,54,1,0
BRDA:844,55,0,2
BRDA:844,55,1,0
BRDA:872,56,0,0
BRDA:872,56,1,2
BRDA:876,57,0,0
BRDA:876,57,1,2
BRDA:888,58,0,3
BRDA:888,58,1,1
BRDA:891,59,0,3
BRDA:891,59,1,0
BRDA:893,60,0,3
BRDA:893,60,1,0
BRDA:939,61,0,3
BRDA:939,61,1,0
BRDA:939,62,0,3
BRDA:939,62,1,3
BRDA:945,63,0,0
BRDA:945,63,1,4
BRDA:945,64,0,4
BRDA:945,64,1,0
BRDA:948,65,0,0
BRDA:948,65,1,0
BRDA:948,65,2,0
BRDA:973,66,0,0
BRDA:973,66,1,6
BRDA:991,67,0,0
BRDA:991,67,1,0
BRDA:992,68,0,0
BRDA:992,68,1,0
BRDA:993,69,0,0
BRDA:993,69,1,0
BRDA:994,70,0,0
BRDA:994,70,1,0
BRDA:1028,71,0,4
BRDA:1028,71,1,3
BRDA:1028,72,0,4
BRDA:1028,72,1,3
BRDA:1038,73,0,5
BRDA:1038,73,1,30
BRDA:1046,74,0,0
BRDA:1046,74,1,0
BRDA:1047,75,0,0
BRDA:1047,75,1,0
BRDA:1048,76,0,0
BRDA:1048,76,1,0
BRDA:1055,77,0,6
BRDA:1055,77,1,0
BRDA:1055,77,2,0
BRDA:1060,78,0,0
BRDA:1060,78,1,2
BRDA:1061,79,0,1
BRDA:1061,79,1,1
BRDA:1068,80,0,3
BRDA:1068,80,1,2
BRDA:1074,81,0,3
BRDA:1074,81,1,0
BRDA:1091,82,0,2
BRDA:1091,82,1,0
BRDA:1093,83,0,3
BRDA:1093,83,1,0
BRDA:1121,84,0,3
BRDA:1121,84,1,1
BRDA:1124,85,0,0
BRDA:1124,85,1,2
BRDA:1140,86,0,3
BRDA:1140,86,1,0
BRDA:1142,87,0,2
BRDA:1142,87,1,0
BRDA:1143,88,0,2
BRDA:1143,88,1,1
BRDA:1155,89,0,3
BRDA:1155,89,1,0
BRDA:1182,90,0,7
BRDA:1184,91,0,0
BRDA:1184,91,1,11
BRDA:1187,92,0,11
BRDA:1187,92,1,15
BRDA:1187,93,0,26
BRDA:1187,93,1,22
BRF:175
BRH:104
end_of_record
TN:
SF:src\services\teeMonitor.js
FN:7,(anonymous_0)
FN:19,(anonymous_1)
FN:56,(anonymous_2)
FN:106,(anonymous_3)
FN:117,(anonymous_4)
FN:123,(anonymous_5)
FN:129,(anonymous_6)
FN:135,(anonymous_7)
FN:141,(anonymous_8)
FN:147,(anonymous_9)
FN:167,(anonymous_10)
FN:178,(anonymous_11)
FN:179,(anonymous_12)
FN:189,(anonymous_13)
FN:191,(anonymous_14)
FN:196,(anonymous_15)
FN:199,(anonymous_16)
FN:206,(anonymous_17)
FN:221,(anonymous_18)
FN:273,(anonymous_19)
FN:297,(anonymous_20)
FN:324,(anonymous_21)
FN:346,(anonymous_22)
FN:356,(anonymous_23)
FN:366,(anonymous_24)
FN:386,(anonymous_25)
FN:397,(anonymous_26)
FN:407,(anonymous_27)
FN:416,(anonymous_28)
FN:421,(anonymous_29)
FN:422,(anonymous_30)
FN:431,(anonymous_31)
FN:434,(anonymous_32)
FN:436,(anonymous_33)
FN:444,(anonymous_34)
FN:448,(anonymous_35)
FNF:36
FNH:0
FNDA:0,(anonymous_0)
FNDA:0,(anonymous_1)
FNDA:0,(anonymous_2)
FNDA:0,(anonymous_3)
FNDA:0,(anonymous_4)
FNDA:0,(anonymous_5)
FNDA:0,(anonymous_6)
FNDA:0,(anonymous_7)
FNDA:0,(anonymous_8)
FNDA:0,(anonymous_9)
FNDA:0,(anonymous_10)
FNDA:0,(anonymous_11)
FNDA:0,(anonymous_12)
FNDA:0,(anonymous_13)
FNDA:0,(anonymous_14)
FNDA:0,(anonymous_15)
FNDA:0,(anonymous_16)
FNDA:0,(anonymous_17)
FNDA:0,(anonymous_18)
FNDA:0,(anonymous_19)
FNDA:0,(anonymous_20)
FNDA:0,(anonymous_21)
FNDA:0,(anonymous_22)
FNDA:0,(anonymous_23)
FNDA:0,(anonymous_24)
FNDA:0,(anonymous_25)
FNDA:0,(anonymous_26)
FNDA:0,(anonymous_27)
FNDA:0,(anonymous_28)
FNDA:0,(anonymous_29)
FNDA:0,(anonymous_30)
FNDA:0,(anonymous_31)
FNDA:0,(anonymous_32)
FNDA:0,(anonymous_33)
FNDA:0,(anonymous_34)
FNDA:0,(anonymous_35)
DA:1,0
DA:2,0
DA:3,0
DA:4,0
DA:8,0
DA:9,0
DA:10,0
DA:11,0
DA:13,0
DA:20,0
DA:21,0
DA:22,0
DA:25,0
DA:27,0
DA:28,0
DA:31,0
DA:32,0
DA:43,0
DA:44,0
DA:48,0
DA:57,0
DA:58,0
DA:61,0
DA:63,0
DA:66,0
DA:78,0
DA:81,0
DA:82,0
DA:83,0
DA:86,0
DA:88,0
DA:94,0
DA:107,0
DA:108,0
DA:111,0
DA:112,0
DA:113,0
DA:116,0
DA:117,0
DA:118,0
DA:122,0
DA:123,0
DA:124,0
DA:128,0
DA:129,0
DA:130,0
DA:134,0
DA:135,0
DA:136,0
DA:140,0
DA:141,0
DA:142,0
DA:147,0
DA:150,0
DA:151,0
DA:152,0
DA:155,0
DA:158,0
DA:159,0
DA:168,0
DA:169,0
DA:172,0
DA:173,0
DA:174,0
DA:176,0
DA:178,0
DA:179,0
DA:188,0
DA:189,0
DA:190,0
DA:191,0
DA:196,0
DA:197,0
DA:198,0
DA:199,0
DA:201,0
DA:205,0
DA:206,0
DA:209,0
DA:212,0
DA:213,0
DA:222,0
DA:223,0
DA:226,0
DA:227,0
DA:228,0
DA:231,0
DA:233,0
DA:234,0
DA:235,0
DA:244,0
DA:245,0
DA:246,0
DA:255,0
DA:263,0
DA:264,0
DA:275,0
DA:284,0
DA:285,0
DA:296,0
DA:297,0
DA:306,0
DA:307,0
DA:308,0
DA:309,0
DA:313,0
DA:314,0
DA:317,0
DA:325,0
DA:326,0
DA:327,0
DA:329,0
DA:331,0
DA:338,0
DA:347,0
DA:348,0
DA:358,0
DA:367,0
DA:369,0
DA:370,0
DA:373,0
DA:374,0
DA:376,0
DA:387,0
DA:398,0
DA:408,0
DA:417,0
DA:418,0
DA:420,0
DA:421,0
DA:422,0
DA:432,0
DA:434,0
DA:435,0
DA:436,0
DA:437,0
DA:438,0
DA:443,0
DA:445,0
DA:446,0
DA:448,0
DA:453,0
LF:142
LH:0
BRDA:9,0,0,0
BRDA:9,0,1,0
BRDA:10,1,0,0
BRDA:10,1,1,0
BRDA:20,2,0,0
BRDA:20,2,1,0
BRDA:31,3,0,0
BRDA:31,3,1,0
BRDA:57,4,0,0
BRDA:57,4,1,0
BRDA:106,5,0,0
BRDA:107,6,0,0
BRDA:107,6,1,0
BRDA:116,7,0,0
BRDA:116,7,1,0
BRDA:122,8,0,0
BRDA:122,8,1,0
BRDA:128,9,0,0
BRDA:128,9,1,0
BRDA:134,10,0,0
BRDA:134,10,1,0
BRDA:140,11,0,0
BRDA:140,11,1,0
BRDA:150,12,0,0
BRDA:150,12,1,0
BRDA:151,13,0,0
BRDA:151,13,1,0
BRDA:168,14,0,0
BRDA:168,14,1,0
BRDA:197,15,0,0
BRDA:197,15,1,0
BRDA:199,16,0,0
BRDA:199,16,1,0
BRDA:206,17,0,0
BRDA:206,17,1,0
BRDA:222,18,0,0
BRDA:222,18,1,0
BRDA:234,19,0,0
BRDA:234,19,1,0
BRDA:245,20,0,0
BRDA:245,20,1,0
BRDA:284,21,0,0
BRDA:284,21,1,0
BRDA:296,22,0,0
BRDA:296,22,1,0
BRDA:306,23,0,0
BRDA:306,23,1,0
BRDA:313,24,0,0
BRDA:313,24,1,0
BRDA:329,25,0,0
BRDA:329,25,1,0
BRDA:435,26,0,0
BRDA:435,26,1,0
BRDA:438,27,0,0
BRDA:438,27,1,0
BRF:55
BRH:0
end_of_record
TN:
SF:src\services\web3Service.js
FN:5,(anonymous_0)
FN:21,(anonymous_1)
FN:70,(anonymous_2)
FN:124,(anonymous_3)
FN:158,(anonymous_4)
FN:231,(anonymous_5)
FN:239,(anonymous_6)
FN:248,(anonymous_7)
FN:257,(anonymous_8)
FN:267,(anonymous_9)
FN:302,(anonymous_10)
FNF:11
FNH:7
FNDA:1,(anonymous_0)
FNDA:1,(anonymous_1)
FNDA:0,(anonymous_2)
FNDA:2,(anonymous_3)
FNDA:0,(anonymous_4)
FNDA:5,(anonymous_5)
FNDA:1,(anonymous_6)
FNDA:0,(anonymous_7)
FNDA:0,(anonymous_8)
FNDA:2,(anonymous_9)
FNDA:4,(anonymous_10)
DA:1,1
DA:2,1
DA:6,1
DA:7,1
DA:22,1
DA:24,1
DA:26,1
DA:27,0
DA:31,1
DA:32,0
DA:36,1
DA:37,0
DA:41,1
DA:42,0
DA:45,1
DA:46,0
DA:49,1
DA:50,0
DA:53,1
DA:58,0
DA:61,1
DA:71,0
DA:72,0
DA:75,0
DA:76,0
DA:79,0
DA:80,0
DA:81,0
DA:85,0
DA:87,0
DA:88,0
DA:92,0
DA:95,0
DA:97,0
DA:108,0
DA:113,0
DA:125,2
DA:127,2
DA:133,1
DA:135,0
DA:143,2
DA:148,2
DA:159,0
DA:178,0
DA:179,0
DA:180,0
DA:181,0
DA:184,0
DA:185,0
DA:186,0
DA:196,0
DA:197,0
DA:198,0
DA:214,0
DA:217,0
DA:222,0
DA:232,5
DA:240,1
DA:249,0
DA:258,0
DA:268,2
DA:269,2
DA:270,2
DA:271,0
DA:274,2
DA:279,2
DA:287,0
DA:292,0
DA:303,4
DA:304,4
DA:305,4
DA:306,0
DA:309,4
DA:310,3
DA:317,1
DA:322,1
DA:327,1
LF:77
LH:34
BRDA:26,0,0,0
BRDA:26,0,1,1
BRDA:31,1,0,0
BRDA:31,1,1,1
BRDA:36,2,0,0
BRDA:36,2,1,1
BRDA:41,3,0,0
BRDA:41,3,1,1
BRDA:45,4,0,0
BRDA:45,4,1,1
BRDA:49,5,0,0
BRDA:49,5,1,1
BRDA:70,6,0,0
BRDA:75,7,0,0
BRDA:75,7,1,0
BRDA:80,8,0,0
BRDA:80,8,1,0
BRDA:87,9,0,0
BRDA:87,9,1,0
BRDA:179,10,0,0
BRDA:179,10,1,0
BRDA:179,11,0,0
BRDA:179,11,1,0
BRDA:196,12,0,0
BRDA:196,12,1,0
BRDA:196,13,0,0
BRDA:196,13,1,0
BRDA:249,14,0,0
BRDA:249,14,1,0
BRDA:258,15,0,0
BRDA:258,15,1,0
BRDA:267,16,0,0
BRDA:270,17,0,0
BRDA:270,17,1,2
BRDA:302,18,0,0
BRDA:305,19,0,0
BRDA:305,19,1,4
BRF:37
BRH:8
end_of_record
TN:
SF:src\utils\logger.js
FN:18,(anonymous_0)
FN:35,(anonymous_1)
FN:82,(anonymous_2)
FN:131,(anonymous_3)
FN:135,(anonymous_4)
FN:139,(anonymous_5)
FN:143,(anonymous_6)
FN:147,(anonymous_7)
FN:152,(anonymous_8)
FN:155,(anonymous_9)
FN:168,(anonymous_10)
FN:171,(anonymous_11)
FN:190,(anonymous_12)
FN:203,(anonymous_13)
FN:204,(anonymous_14)
FN:216,(anonymous_15)
FN:222,(anonymous_16)
FNF:17
FNH:5
FNDA:196,(anonymous_0)
FNDA:196,(anonymous_1)
FNDA:196,(anonymous_2)
FNDA:0,(anonymous_3)
FNDA:0,(anonymous_4)
FNDA:0,(anonymous_5)
FNDA:0,(anonymous_6)
FNDA:0,(anonymous_7)
FNDA:0,(anonymous_8)
FNDA:0,(anonymous_9)
FNDA:0,(anonymous_10)
FNDA:0,(anonymous_11)
FNDA:0,(anonymous_12)
FNDA:18,(anonymous_13)
FNDA:13180,(anonymous_14)
FNDA:0,(anonymous_15)
FNDA:0,(anonymous_16)
DA:1,9
DA:2,9
DA:3,9
DA:6,9
DA:7,9
DA:8,0
DA:12,9
DA:19,196
DA:21,196
DA:22,196
DA:25,196
DA:30,9
DA:36,196
DA:38,196
DA:39,196
DA:42,196
DA:47,9
DA:83,196
DA:84,0
DA:86,196
DA:111,9
DA:112,9
DA:119,9
DA:121,0
DA:131,9
DA:132,0
DA:135,9
DA:136,0
DA:139,9
DA:140,0
DA:143,9
DA:144,0
DA:147,9
DA:148,0
DA:152,9
DA:153,0
DA:154,0
DA:156,0
DA:157,0
DA:162,0
DA:168,9
DA:169,0
DA:171,0
DA:172,0
DA:173,0
DA:175,0
DA:186,0
DA:190,9
DA:191,0
DA:203,9
DA:204,18
DA:205,13180
DA:212,9
DA:213,9
DA:216,9
DA:217,0
DA:218,0
DA:220,0
DA:221,0
DA:222,0
DA:223,0
DA:224,0
DA:226,0
DA:227,0
DA:228,0
DA:232,0
DA:237,9
DA:238,0
DA:242,9
LF:69
LH:37
BRDA:7,0,0,0
BRDA:7,0,1,9
BRDA:21,1,0,196
BRDA:21,1,1,0
BRDA:38,2,0,196
BRDA:38,2,1,0
BRDA:48,3,0,9
BRDA:48,3,1,9
BRDA:52,4,0,9
BRDA:52,4,1,0
BRDA:83,5,0,0
BRDA:83,5,1,196
BRDA:83,6,0,196
BRDA:83,6,1,196
BRDA:111,7,0,9
BRDA:111,7,1,0
BRDA:119,8,0,0
BRDA:119,8,1,9
BRDA:131,9,0,0
BRDA:135,10,0,0
BRDA:139,11,0,0
BRDA:143,12,0,0
BRDA:147,13,0,0
BRDA:155,14,0,0
BRDA:157,15,0,0
BRDA:157,15,1,0
BRDA:173,16,0,0
BRDA:173,16,1,0
BRDA:186,17,0,0
BRDA:186,17,1,0
BRDA:190,18,0,0
BRDA:204,19,0,1
BRDA:226,20,0,0
BRDA:226,20,1,0
BRDA:237,21,0,0
BRDA:237,21,1,9
BRF:36
BRH:13
end_of_record
